{"level":"DEBUG","location":"[get_call:158] fyersModel","message":{"Status Code":200,"API":"/positions"},"timestamp":"2026-04-17 13:01:58,860+0530","service":"FyersAPIRequest"}
{"level":"DEBUG","location":"[get_call:158] fyersModel","message":{"Status Code":200,"API":"/history"},"timestamp":"2026-04-17 13:01:58,958+0530","service":"FyersAPIRequest"}
{"level":"DEBUG","location":"[get_call:158] fyersModel","message":{"Status Code":200,"API":"/history"},"timestamp":"2026-04-17 13:01:59,465+0530","service":"FyersAPIRequest"}
{"level":"DEBUG","location":"[get_call:158] fyersModel","message":{"Status Code":200,"API":"/history"},"timestamp":"2026-04-17 13:01:59,996+0530","service":"FyersAPIRequest"}
{"level":"DEBUG","location":"[get_call:158] fyersModel","message":{"Status Code":200,"API":"/history"},"timestamp":"2026-04-17 13:02:00,544+0530","service":"FyersAPIRequest"}
{"level":"DEBUG","location":"[get_call:158] fyersModel","message":{"Status Code":200,"API":"/history"},"timestamp":"2026-04-17 13:02:01,057+0530","service":"FyersAPIRequest"}
{"level":"DEBUG","location":"[get_call:158] fyersModel","message":{"Status Code":200,"API":"/history"},"timestamp":"2026-04-17 13:02:01,571+0530","service":"FyersAPIRequest"}
{"level":"DEBUG","location":"[get_call:158] fyersModel","message":{"Status Code":200,"API":"/history"},"timestamp":"2026-04-17 13:02:02,103+0530","service":"FyersAPIRequest"}
{"level":"DEBUG","location":"[get_call:158] fyersModel","message":{"Status Code":200,"API":"/history"},"timestamp":"2026-04-17 13:02:02,644+0530","service":"FyersAPIRequest"}
{"level":"DEBUG","location":"[get_call:158] fyersModel","message":{"Status Code":200,"API":"/history"},"timestamp":"2026-04-17 13:02:03,158+0530","service":"FyersAPIRequest"}
{"level":"DEBUG","location":"[get_call:158] fyersModel","message":{"Status Code":200,"API":"/history"},"timestamp":"2026-04-17 13:02:03,715+0530","service":"FyersAPIRequest"}
{"level":"DEBUG","location":"[get_call:158] fyersModel","message":{"Status Code":200,"API":"/history"},"timestamp":"2026-04-17 13:02:04,236+0530","service":"FyersAPIRequest"}
{"level":"DEBUG","location":"[get_call:158] fyersModel","message":{"Status Code":200,"API":"/history"},"timestamp":"2026-04-17 13:02:04,750+0530","service":"FyersAPIRequest"}
{"level":"DEBUG","location":"[get_call:158] fyersModel","message":{"Status Code":200,"API":"/history"},"timestamp":"2026-04-17 13:02:05,284+0530","service":"FyersAPIRequest"}
{"level":"DEBUG","location":"[get_call:158] fyersModel","message":{"Status Code":200,"API":"/history"},"timestamp":"2026-04-17 13:02:05,818+0530","service":"FyersAPIRequest"}
{"level":"DEBUG","location":"[get_call:158] fyersModel","message":{"Status Code":200,"API":"/history"},"timestamp":"2026-04-17 13:02:06,356+0530","service":"FyersAPIRequest"}
{"level":"DEBUG","location":"[get_call:158] fyersModel","message":{"Status Code":200,"API":"/history"},"timestamp":"2026-04-17 13:02:06,886+0530","service":"FyersAPIRequest"}
{"level":"DEBUG","location":"[get_call:158] fyersModel","message":{"Status Code":200,"API":"/history"},"timestamp":"2026-04-17 13:02:07,398+0530","service":"FyersAPIRequest"}
{"level":"DEBUG","location":"[get_call:158] fyersModel","message":{"Status Code":200,"API":"/history"},"timestamp":"2026-04-17 13:02:07,930+0530","service":"FyersAPIRequest"}
{"level":"DEBUG","location":"[get_call:158] fyersModel","message":{"Status Code":200,"API":"/history"},"timestamp":"2026-04-17 13:02:08,455+0530","service":"FyersAPIRequest"}
{"level":"DEBUG","location":"[get_call:158] fyersModel","message":{"Status Code":200,"API":"/history"},"timestamp":"2026-04-17 13:02:08,978+0530","service":"FyersAPIRequest"}
{"level":"DEBUG","location":"[get_call:158] fyersModel","message":{"Status Code":200,"API":"/history"},"timestamp":"2026-04-17 13:02:09,497+0530","service":"FyersAPIRequest"}
{"level":"DEBUG","location":"[get_call:158] fyersModel","message":{"Status Code":200,"API":"/history"},"timestamp":"2026-04-17 13:02:10,023+0530","service":"FyersAPIRequest"}
{"level":"DEBUG","location":"[get_call:158] fyersModel","message":{"Status Code":200,"API":"/history"},"timestamp":"2026-04-17 13:02:10,554+0530","service":"FyersAPIRequest"}
{"level":"DEBUG","location":"[get_call:158] fyersModel","message":{"Status Code":200,"API":"/history"},"timestamp":"2026-04-17 13:02:11,068+0530","service":"FyersAPIRequest"}
{"level":"DEBUG","location":"[get_call:158] fyersModel","message":{"Status Code":200,"API":"/history"},"timestamp":"2026-04-17 13:02:11,581+0530","service":"FyersAPIRequest"}
{"level":"DEBUG","location":"[get_call:158] fyersModel","message":{"Status Code":200,"API":"/history"},"timestamp":"2026-04-17 13:02:12,101+0530","service":"FyersAPIRequest"}
{"level":"DEBUG","location":"[get_call:158] fyersModel","message":{"Status Code":200,"API":"/history"},"timestamp":"2026-04-17 13:02:12,623+0530","service":"FyersAPIRequest"}
{"level":"DEBUG","location":"[get_call:158] fyersModel","message":{"Status Code":200,"API":"/history"},"timestamp":"2026-04-17 13:02:13,141+0530","service":"FyersAPIRequest"}
{"level":"DEBUG","location":"[get_call:158] fyersModel","message":{"Status Code":200,"API":"/history"},"timestamp":"2026-04-17 13:02:13,643+0530","service":"FyersAPIRequest"}
{"level":"DEBUG","location":"[get_call:158] fyersModel","message":{"Status Code":200,"API":"/history"},"timestamp":"2026-04-17 13:02:14,156+0530","service":"FyersAPIRequest"}
{"level":"DEBUG","location":"[get_call:158] fyersModel","message":{"Status Code":200,"API":"/history"},"timestamp":"2026-04-17 13:02:14,694+0530","service":"FyersAPIRequest"}
{"level":"DEBUG","location":"[get_call:158] fyersModel","message":{"Status Code":200,"API":"/history"},"timestamp":"2026-04-17 13:02:15,216+0530","service":"FyersAPIRequest"}
{"level":"DEBUG","location":"[get_call:158] fyersModel","message":{"Status Code":200,"API":"/history"},"timestamp":"2026-04-17 13:02:15,738+0530","service":"FyersAPIRequest"}
{"level":"DEBUG","location":"[get_call:158] fyersModel","message":{"Status Code":200,"API":"/history"},"timestamp":"2026-04-17 13:02:16,236+0530","service":"FyersAPIRequest"}
{"level":"DEBUG","location":"[get_call:158] fyersModel","message":{"Status Code":200,"API":"/history"},"timestamp":"2026-04-17 13:02:16,739+0530","service":"FyersAPIRequest"}
{"level":"DEBUG","location":"[get_call:158] fyersModel","message":{"Status Code":200,"API":"/history"},"timestamp":"2026-04-17 13:02:17,253+0530","service":"FyersAPIRequest"}
{"level":"DEBUG","location":"[get_call:158] fyersModel","message":{"Status Code":200,"API":"/history"},"timestamp":"2026-04-17 13:02:17,778+0530","service":"FyersAPIRequest"}
{"level":"DEBUG","location":"[get_call:158] fyersModel","message":{"Status Code":200,"API":"/history"},"timestamp":"2026-04-17 13:02:18,315+0530","service":"FyersAPIRequest"}
{"level":"DEBUG","location":"[get_call:158] fyersModel","message":{"Status Code":200,"API":"/history"},"timestamp":"2026-04-17 13:02:18,858+0530","service":"FyersAPIRequest"}
{"level":"DEBUG","location":"[get_call:158] fyersModel","message":{"Status Code":200,"API":"/history"},"timestamp":"2026-04-17 13:02:19,372+0530","service":"FyersAPIRequest"}
{"level":"DEBUG","location":"[get_call:158] fyersModel","message":{"Status Code":200,"API":"/history"},"timestamp":"2026-04-17 13:02:19,899+0530","service":"FyersAPIRequest"}
{"level":"DEBUG","location":"[get_call:158] fyersModel","message":{"Status Code":200,"API":"/history"},"timestamp":"2026-04-17 13:02:20,391+0530","service":"FyersAPIRequest"}
{"level":"DEBUG","location":"[get_call:158] fyersModel","message":{"Status Code":200,"API":"/history"},"timestamp":"2026-04-17 13:02:20,886+0530","service":"FyersAPIRequest"}
{"level":"DEBUG","location":"[get_call:158] fyersModel","message":{"Status Code":200,"API":"/history"},"timestamp":"2026-04-17 13:02:21,418+0530","service":"FyersAPIRequest"}
{"level":"DEBUG","location":"[get_call:158] fyersModel","message":{"Status Code":200,"API":"/history"},"timestamp":"2026-04-17 13:02:21,939+0530","service":"FyersAPIRequest"}
{"level":"DEBUG","location":"[get_call:158] fyersModel","message":{"Status Code":200,"API":"/history"},"timestamp":"2026-04-17 13:02:22,455+0530","service":"FyersAPIRequest"}
{"level":"DEBUG","location":"[get_call:158] fyersModel","message":{"Status Code":200,"API":"/history"},"timestamp":"2026-04-17 13:02:22,987+0530","service":"FyersAPIRequest"}
{"level":"DEBUG","location":"[get_call:158] fyersModel","message":{"Status Code":200,"API":"/history"},"timestamp":"2026-04-17 13:02:23,505+0530","service":"FyersAPIRequest"}
{"level":"DEBUG","location":"[get_call:158] fyersModel","message":{"Status Code":200,"API":"/history"},"timestamp":"2026-04-17 13:02:24,044+0530","service":"FyersAPIRequest"}
{"level":"DEBUG","location":"[get_call:158] fyersModel","message":{"Status Code":200,"API":"/history"},"timestamp":"2026-04-17 13:02:24,542+0530","service":"FyersAPIRequest"}
{"level":"DEBUG","location":"[get_call:158] fyersModel","message":{"Status Code":200,"API":"/history"},"timestamp":"2026-04-17 13:02:25,083+0530","service":"FyersAPIRequest"}
{"level":"DEBUG","location":"[get_call:158] fyersModel","message":{"Status Code":200,"API":"/quotes"},"timestamp":"2026-04-17 13:02:25,614+0530","service":"FyersAPIRequest"}
{"level":"DEBUG","location":"[get_call:158] fyersModel","message":{"Status Code":200,"API":"/quotes"},"timestamp":"2026-04-17 13:02:26,016+0530","service":"FyersAPIRequest"}
{"level":"DEBUG","location":"[get_call:158] fyersModel","message":{"Status Code":200,"API":"/history"},"timestamp":"2026-04-17 13:02:26,422+0530","service":"FyersAPIRequest"}
{"level":"DEBUG","location":"[get_call:158] fyersModel","message":{"Status Code":200,"API":"/options-chain-v3"},"timestamp":"2026-04-17 13:02:26,557+0530","service":"FyersAPIRequest"}
{"level":"DEBUG","location":"[get_call:158] fyersModel","message":{"Status Code":200,"API":"/options-chain-v3"},"timestamp":"2026-04-17 13:02:27,192+0530","service":"FyersAPIRequest"}
{"level":"DEBUG","location":"[get_call:158] fyersModel","message":{"Status Code":200,"API":"/options-chain-v3"},"timestamp":"2026-04-17 13:02:27,825+0530","service":"FyersAPIRequest"}
{"level":"DEBUG","location":"[get_call:158] fyersModel","message":{"Status Code":200,"API":"/options-chain-v3"},"timestamp":"2026-04-17 13:02:28,442+0530","service":"FyersAPIRequest"}
{"level":"DEBUG","location":"[get_call:158] fyersModel","message":{"Status Code":200,"API":"/options-chain-v3"},"timestamp":"2026-04-17 13:02:29,032+0530","service":"FyersAPIRequest"}
{"level":"DEBUG","location":"[get_call:158] fyersModel","message":{"Status Code":200,"API":"/quotes"},"timestamp":"2026-04-17 13:02:29,641+0530","service":"FyersAPIRequest"}
{"level":"DEBUG","location":"[get_call:158] fyersModel","message":{"Status Code":200,"API":"/quotes"},"timestamp":"2026-04-17 13:02:30,682+0530","service":"FyersAPIRequest"}
{"level":"DEBUG","location":"[get_call:158] fyersModel","message":{"Status Code":200,"API":"/quotes"},"timestamp":"2026-04-17 13:02:34,011+0530","service":"FyersAPIRequest"}
{"level":"DEBUG","location":"[get_call:158] fyersModel","message":{"Status Code":200,"API":"/positions"},"timestamp":"2026-04-17 13:21:23,934+0530","service":"FyersAPIRequest"}
{"level":"DEBUG","location":"[get_call:158] fyersModel","message":{"Status Code":200,"API":"/history"},"timestamp":"2026-04-17 13:21:24,027+0530","service":"FyersAPIRequest"}
{"level":"DEBUG","location":"[get_call:158] fyersModel","message":{"Status Code":200,"API":"/history"},"timestamp":"2026-04-17 13:21:24,552+0530","service":"FyersAPIRequest"}
{"level":"DEBUG","location":"[get_call:158] fyersModel","message":{"Status Code":200,"API":"/history"},"timestamp":"2026-04-17 13:21:25,120+0530","service":"FyersAPIRequest"}
{"level":"DEBUG","location":"[get_call:158] fyersModel","message":{"Status Code":200,"API":"/history"},"timestamp":"2026-04-17 13:21:25,642+0530","service":"FyersAPIRequest"}
{"level":"DEBUG","location":"[get_call:158] fyersModel","message":{"Status Code":200,"API":"/history"},"timestamp":"2026-04-17 13:21:26,156+0530","service":"FyersAPIRequest"}
{"level":"DEBUG","location":"[get_call:158] fyersModel","message":{"Status Code":200,"API":"/history"},"timestamp":"2026-04-17 13:21:26,672+0530","service":"FyersAPIRequest"}
{"level":"DEBUG","location":"[get_call:158] fyersModel","message":{"Status Code":200,"API":"/history"},"timestamp":"2026-04-17 13:21:27,188+0530","service":"FyersAPIRequest"}
{"level":"DEBUG","location":"[get_call:158] fyersModel","message":{"Status Code":200,"API":"/history"},"timestamp":"2026-04-17 13:21:27,721+0530","service":"FyersAPIRequest"}
{"level":"DEBUG","location":"[get_call:158] fyersModel","message":{"Status Code":200,"API":"/history"},"timestamp":"2026-04-17 13:21:28,211+0530","service":"FyersAPIRequest"}
{"level":"DEBUG","location":"[get_call:158] fyersModel","message":{"Status Code":200,"API":"/history"},"timestamp":"2026-04-17 13:21:28,772+0530","service":"FyersAPIRequest"}
{"level":"DEBUG","location":"[get_call:158] fyersModel","message":{"Status Code":200,"API":"/history"},"timestamp":"2026-04-17 13:21:29,308+0530","service":"FyersAPIRequest"}
{"level":"DEBUG","location":"[get_call:158] fyersModel","message":{"Status Code":200,"API":"/history"},"timestamp":"2026-04-17 13:21:29,821+0530","service":"FyersAPIRequest"}
{"level":"DEBUG","location":"[get_call:158] fyersModel","message":{"Status Code":200,"API":"/history"},"timestamp":"2026-04-17 13:21:30,374+0530","service":"FyersAPIRequest"}
{"level":"DEBUG","location":"[get_call:158] fyersModel","message":{"Status Code":200,"API":"/history"},"timestamp":"2026-04-17 13:21:30,896+0530","service":"FyersAPIRequest"}
{"level":"DEBUG","location":"[get_call:158] fyersModel","message":{"Status Code":200,"API":"/history"},"timestamp":"2026-04-17 13:21:31,443+0530","service":"FyersAPIRequest"}
{"level":"DEBUG","location":"[get_call:158] fyersModel","message":{"Status Code":200,"API":"/history"},"timestamp":"2026-04-17 13:21:31,962+0530","service":"FyersAPIRequest"}
{"level":"DEBUG","location":"[get_call:158] fyersModel","message":{"Status Code":200,"API":"/history"},"timestamp":"2026-04-17 13:21:32,521+0530","service":"FyersAPIRequest"}
{"level":"DEBUG","location":"[get_call:158] fyersModel","message":{"Status Code":200,"API":"/history"},"timestamp":"2026-04-17 13:21:33,060+0530","service":"FyersAPIRequest"}
{"level":"DEBUG","location":"[get_call:158] fyersModel","message":{"Status Code":200,"API":"/history"},"timestamp":"2026-04-17 13:21:33,580+0530","service":"FyersAPIRequest"}
{"level":"DEBUG","location":"[get_call:158] fyersModel","message":{"Status Code":200,"API":"/history"},"timestamp":"2026-04-17 13:21:34,101+0530","service":"FyersAPIRequest"}
{"level":"DEBUG","location":"[get_call:158] fyersModel","message":{"Status Code":200,"API":"/history"},"timestamp":"2026-04-17 13:21:34,637+0530","service":"FyersAPIRequest"}
{"level":"DEBUG","location":"[get_call:158] fyersModel","message":{"Status Code":200,"API":"/history"},"timestamp":"2026-04-17 13:21:35,153+0530","service":"FyersAPIRequest"}
{"level":"DEBUG","location":"[get_call:158] fyersModel","message":{"Status Code":200,"API":"/history"},"timestamp":"2026-04-17 13:21:35,684+0530","service":"FyersAPIRequest"}
{"level":"DEBUG","location":"[get_call:158] fyersModel","message":{"Status Code":200,"API":"/history"},"timestamp":"2026-04-17 13:21:36,198+0530","service":"FyersAPIRequest"}
{"level":"DEBUG","location":"[get_call:158] fyersModel","message":{"Status Code":200,"API":"/history"},"timestamp":"2026-04-17 13:21:36,716+0530","service":"FyersAPIRequest"}
{"level":"DEBUG","location":"[get_call:158] fyersModel","message":{"Status Code":200,"API":"/history"},"timestamp":"2026-04-17 13:21:37,238+0530","service":"FyersAPIRequest"}
{"level":"DEBUG","location":"[get_call:158] fyersModel","message":{"Status Code":200,"API":"/history"},"timestamp":"2026-04-17 13:21:37,765+0530","service":"FyersAPIRequest"}
{"level":"DEBUG","location":"[get_call:158] fyersModel","message":{"Status Code":200,"API":"/history"},"timestamp":"2026-04-17 13:21:38,278+0530","service":"FyersAPIRequest"}
{"level":"DEBUG","location":"[get_call:158] fyersModel","message":{"Status Code":200,"API":"/history"},"timestamp":"2026-04-17 13:21:38,798+0530","service":"FyersAPIRequest"}
{"level":"DEBUG","location":"[get_call:158] fyersModel","message":{"Status Code":200,"API":"/history"},"timestamp":"2026-04-17 13:21:39,335+0530","service":"FyersAPIRequest"}
{"level":"DEBUG","location":"[get_call:158] fyersModel","message":{"Status Code":200,"API":"/history"},"timestamp":"2026-04-17 13:21:39,853+0530","service":"FyersAPIRequest"}
{"level":"DEBUG","location":"[get_call:158] fyersModel","message":{"Status Code":200,"API":"/history"},"timestamp":"2026-04-17 13:21:40,369+0530","service":"FyersAPIRequest"}
{"level":"DEBUG","location":"[get_call:158] fyersModel","message":{"Status Code":200,"API":"/history"},"timestamp":"2026-04-17 13:21:40,887+0530","service":"FyersAPIRequest"}
{"level":"DEBUG","location":"[get_call:158] fyersModel","message":{"Status Code":200,"API":"/history"},"timestamp":"2026-04-17 13:21:41,387+0530","service":"FyersAPIRequest"}
{"level":"DEBUG","location":"[get_call:158] fyersModel","message":{"Status Code":200,"API":"/history"},"timestamp":"2026-04-17 13:21:41,905+0530","service":"FyersAPIRequest"}
{"level":"DEBUG","location":"[get_call:158] fyersModel","message":{"Status Code":200,"API":"/history"},"timestamp":"2026-04-17 13:21:42,433+0530","service":"FyersAPIRequest"}
{"level":"DEBUG","location":"[get_call:158] fyersModel","message":{"Status Code":200,"API":"/history"},"timestamp":"2026-04-17 13:21:42,935+0530","service":"FyersAPIRequest"}
{"level":"DEBUG","location":"[get_call:158] fyersModel","message":{"Status Code":200,"API":"/history"},"timestamp":"2026-04-17 13:21:43,441+0530","service":"FyersAPIRequest"}
{"level":"DEBUG","location":"[get_call:158] fyersModel","message":{"Status Code":200,"API":"/history"},"timestamp":"2026-04-17 13:21:43,954+0530","service":"FyersAPIRequest"}
{"level":"DEBUG","location":"[get_call:158] fyersModel","message":{"Status Code":200,"API":"/history"},"timestamp":"2026-04-17 13:21:44,467+0530","service":"FyersAPIRequest"}
{"level":"DEBUG","location":"[get_call:158] fyersModel","message":{"Status Code":200,"API":"/history"},"timestamp":"2026-04-17 13:21:44,969+0530","service":"FyersAPIRequest"}
{"level":"DEBUG","location":"[get_call:158] fyersModel","message":{"Status Code":200,"API":"/history"},"timestamp":"2026-04-17 13:21:45,461+0530","service":"FyersAPIRequest"}
{"level":"DEBUG","location":"[get_call:158] fyersModel","message":{"Status Code":200,"API":"/history"},"timestamp":"2026-04-17 13:21:46,032+0530","service":"FyersAPIRequest"}
{"level":"DEBUG","location":"[get_call:158] fyersModel","message":{"Status Code":200,"API":"/history"},"timestamp":"2026-04-17 13:21:46,543+0530","service":"FyersAPIRequest"}
{"level":"DEBUG","location":"[get_call:158] fyersModel","message":{"Status Code":200,"API":"/history"},"timestamp":"2026-04-17 13:21:47,101+0530","service":"FyersAPIRequest"}
{"level":"DEBUG","location":"[get_call:158] fyersModel","message":{"Status Code":200,"API":"/history"},"timestamp":"2026-04-17 13:21:47,633+0530","service":"FyersAPIRequest"}
{"level":"DEBUG","location":"[get_call:158] fyersModel","message":{"Status Code":200,"API":"/history"},"timestamp":"2026-04-17 13:21:48,135+0530","service":"FyersAPIRequest"}
{"level":"DEBUG","location":"[get_call:158] fyersModel","message":{"Status Code":200,"API":"/history"},"timestamp":"2026-04-17 13:21:48,700+0530","service":"FyersAPIRequest"}
{"level":"DEBUG","location":"[get_call:158] fyersModel","message":{"Status Code":200,"API":"/history"},"timestamp":"2026-04-17 13:21:49,215+0530","service":"FyersAPIRequest"}
{"level":"DEBUG","location":"[get_call:158] fyersModel","message":{"Status Code":200,"API":"/history"},"timestamp":"2026-04-17 13:21:49,713+0530","service":"FyersAPIRequest"}
{"level":"DEBUG","location":"[get_call:158] fyersModel","message":{"Status Code":200,"API":"/history"},"timestamp":"2026-04-17 13:21:50,242+0530","service":"FyersAPIRequest"}
{"level":"DEBUG","location":"[get_call:158] fyersModel","message":{"Status Code":200,"API":"/quotes"},"timestamp":"2026-04-17 13:21:50,781+0530","service":"FyersAPIRequest"}
{"level":"DEBUG","location":"[get_call:158] fyersModel","message":{"Status Code":200,"API":"/quotes"},"timestamp":"2026-04-17 13:21:51,199+0530","service":"FyersAPIRequest"}
{"level":"DEBUG","location":"[get_call:158] fyersModel","message":{"Status Code":200,"API":"/history"},"timestamp":"2026-04-17 13:21:51,618+0530","service":"FyersAPIRequest"}
{"level":"DEBUG","location":"[get_call:158] fyersModel","message":{"Status Code":200,"API":"/options-chain-v3"},"timestamp":"2026-04-17 13:21:51,765+0530","service":"FyersAPIRequest"}
{"level":"DEBUG","location":"[get_call:158] fyersModel","message":{"Status Code":200,"API":"/options-chain-v3"},"timestamp":"2026-04-17 13:21:52,384+0530","service":"FyersAPIRequest"}
{"level":"DEBUG","location":"[get_call:158] fyersModel","message":{"Status Code":200,"API":"/options-chain-v3"},"timestamp":"2026-04-17 13:21:53,000+0530","service":"FyersAPIRequest"}
{"level":"DEBUG","location":"[get_call:158] fyersModel","message":{"Status Code":200,"API":"/options-chain-v3"},"timestamp":"2026-04-17 13:21:53,617+0530","service":"FyersAPIRequest"}
{"level":"DEBUG","location":"[get_call:158] fyersModel","message":{"Status Code":200,"API":"/options-chain-v3"},"timestamp":"2026-04-17 13:21:54,225+0530","service":"FyersAPIRequest"}
{"level":"DEBUG","location":"[get_call:158] fyersModel","message":{"Status Code":200,"API":"/quotes"},"timestamp":"2026-04-17 13:21:54,831+0530","service":"FyersAPIRequest"}
{"level":"DEBUG","location":"[get_call:158] fyersModel","message":{"Status Code":200,"API":"/quotes"},"timestamp":"2026-04-17 13:21:55,695+0530","service":"FyersAPIRequest"}
{"level":"DEBUG","location":"[get_call:158] fyersModel","message":{"Status Code":200,"API":"/quotes"},"timestamp":"2026-04-17 13:21:58,741+0530","service":"FyersAPIRequest"}
{"level":"DEBUG","location":"[get_call:158] fyersModel","message":{"Status Code":200,"API":"/positions"},"timestamp":"2026-04-17 14:53:02,229+0530","service":"FyersAPIRequest"}
{"level":"DEBUG","location":"[get_call:158] fyersModel","message":{"Status Code":200,"API":"/history"},"timestamp":"2026-04-17 14:53:02,334+0530","service":"FyersAPIRequest"}
{"level":"DEBUG","location":"[get_call:158] fyersModel","message":{"Status Code":200,"API":"/history"},"timestamp":"2026-04-17 14:53:02,848+0530","service":"FyersAPIRequest"}
{"level":"DEBUG","location":"[get_call:158] fyersModel","message":{"Status Code":200,"API":"/history"},"timestamp":"2026-04-17 14:53:03,359+0530","service":"FyersAPIRequest"}
{"level":"DEBUG","location":"[get_call:158] fyersModel","message":{"Status Code":200,"API":"/history"},"timestamp":"2026-04-17 14:53:04,072+0530","service":"FyersAPIRequest"}
{"level":"DEBUG","location":"[get_call:158] fyersModel","message":{"Status Code":200,"API":"/history"},"timestamp":"2026-04-17 14:53:04,598+0530","service":"FyersAPIRequest"}
{"level":"DEBUG","location":"[get_call:158] fyersModel","message":{"Status Code":200,"API":"/history"},"timestamp":"2026-04-17 14:53:05,123+0530","service":"FyersAPIRequest"}
{"level":"DEBUG","location":"[get_call:158] fyersModel","message":{"Status Code":200,"API":"/history"},"timestamp":"2026-04-17 14:53:05,678+0530","service":"FyersAPIRequest"}
{"level":"DEBUG","location":"[get_call:158] fyersModel","message":{"Status Code":200,"API":"/history"},"timestamp":"2026-04-17 14:53:06,205+0530","service":"FyersAPIRequest"}
{"level":"DEBUG","location":"[get_call:158] fyersModel","message":{"Status Code":200,"API":"/history"},"timestamp":"2026-04-17 14:53:06,767+0530","service":"FyersAPIRequest"}
{"level":"DEBUG","location":"[get_call:158] fyersModel","message":{"Status Code":200,"API":"/history"},"timestamp":"2026-04-17 14:53:07,320+0530","service":"FyersAPIRequest"}
{"level":"DEBUG","location":"[get_call:158] fyersModel","message":{"Status Code":200,"API":"/history"},"timestamp":"2026-04-17 14:53:07,846+0530","service":"FyersAPIRequest"}
{"level":"DEBUG","location":"[get_call:158] fyersModel","message":{"Status Code":200,"API":"/history"},"timestamp":"2026-04-17 14:53:08,350+0530","service":"FyersAPIRequest"}
{"level":"DEBUG","location":"[get_call:158] fyersModel","message":{"Status Code":200,"API":"/history"},"timestamp":"2026-04-17 14:53:08,879+0530","service":"FyersAPIRequest"}
{"level":"DEBUG","location":"[get_call:158] fyersModel","message":{"Status Code":200,"API":"/history"},"timestamp":"2026-04-17 14:53:09,402+0530","service":"FyersAPIRequest"}
{"level":"DEBUG","location":"[get_call:158] fyersModel","message":{"Status Code":200,"API":"/history"},"timestamp":"2026-04-17 14:53:09,947+0530","service":"FyersAPIRequest"}
{"level":"DEBUG","location":"[get_call:158] fyersModel","message":{"Status Code":200,"API":"/history"},"timestamp":"2026-04-17 14:53:10,696+0530","service":"FyersAPIRequest"}
{"level":"DEBUG","location":"[get_call:158] fyersModel","message":{"Status Code":200,"API":"/history"},"timestamp":"2026-04-17 14:53:11,210+0530","service":"FyersAPIRequest"}
{"level":"DEBUG","location":"[get_call:158] fyersModel","message":{"Status Code":200,"API":"/history"},"timestamp":"2026-04-17 14:53:11,726+0530","service":"FyersAPIRequest"}
{"level":"DEBUG","location":"[get_call:158] fyersModel","message":{"Status Code":200,"API":"/history"},"timestamp":"2026-04-17 14:53:12,252+0530","service":"FyersAPIRequest"}
{"level":"DEBUG","location":"[get_call:158] fyersModel","message":{"Status Code":200,"API":"/history"},"timestamp":"2026-04-17 14:53:12,744+0530","service":"FyersAPIRequest"}
{"level":"DEBUG","location":"[get_call:158] fyersModel","message":{"Status Code":200,"API":"/history"},"timestamp":"2026-04-17 14:53:13,278+0530","service":"FyersAPIRequest"}
{"level":"DEBUG","location":"[get_call:158] fyersModel","message":{"Status Code":200,"API":"/history"},"timestamp":"2026-04-17 14:53:13,851+0530","service":"FyersAPIRequest"}
{"level":"DEBUG","location":"[get_call:158] fyersModel","message":{"Status Code":200,"API":"/history"},"timestamp":"2026-04-17 14:53:14,383+0530","service":"FyersAPIRequest"}
{"level":"DEBUG","location":"[get_call:158] fyersModel","message":{"Status Code":200,"API":"/history"},"timestamp":"2026-04-17 14:53:14,903+0530","service":"FyersAPIRequest"}
{"level":"DEBUG","location":"[get_call:158] fyersModel","message":{"Status Code":200,"API":"/history"},"timestamp":"2026-04-17 14:53:15,442+0530","service":"FyersAPIRequest"}
{"level":"DEBUG","location":"[get_call:158] fyersModel","message":{"Status Code":200,"API":"/history"},"timestamp":"2026-04-17 14:53:15,976+0530","service":"FyersAPIRequest"}
{"level":"DEBUG","location":"[get_call:158] fyersModel","message":{"Status Code":200,"API":"/history"},"timestamp":"2026-04-17 14:53:16,504+0530","service":"FyersAPIRequest"}
{"level":"DEBUG","location":"[get_call:158] fyersModel","message":{"Status Code":200,"API":"/history"},"timestamp":"2026-04-17 14:53:17,024+0530","service":"FyersAPIRequest"}
{"level":"DEBUG","location":"[get_call:158] fyersModel","message":{"Status Code":200,"API":"/history"},"timestamp":"2026-04-17 14:53:17,542+0530","service":"FyersAPIRequest"}
{"level":"DEBUG","location":"[get_call:158] fyersModel","message":{"Status Code":200,"API":"/history"},"timestamp":"2026-04-17 14:53:18,073+0530","service":"FyersAPIRequest"}
{"level":"DEBUG","location":"[get_call:158] fyersModel","message":{"Status Code":200,"API":"/history"},"timestamp":"2026-04-17 14:53:18,604+0530","service":"FyersAPIRequest"}
{"level":"DEBUG","location":"[get_call:158] fyersModel","message":{"Status Code":200,"API":"/history"},"timestamp":"2026-04-17 14:53:19,129+0530","service":"FyersAPIRequest"}
{"level":"DEBUG","location":"[get_call:158] fyersModel","message":{"Status Code":200,"API":"/history"},"timestamp":"2026-04-17 14:53:19,666+0530","service":"FyersAPIRequest"}
{"level":"DEBUG","location":"[get_call:158] fyersModel","message":{"Status Code":200,"API":"/history"},"timestamp":"2026-04-17 14:53:20,171+0530","service":"FyersAPIRequest"}
{"level":"DEBUG","location":"[get_call:158] fyersModel","message":{"Status Code":200,"API":"/history"},"timestamp":"2026-04-17 14:53:20,689+0530","service":"FyersAPIRequest"}
{"level":"DEBUG","location":"[get_call:158] fyersModel","message":{"Status Code":200,"API":"/history"},"timestamp":"2026-04-17 14:53:21,198+0530","service":"FyersAPIRequest"}
{"level":"DEBUG","location":"[get_call:158] fyersModel","message":{"Status Code":200,"API":"/history"},"timestamp":"2026-04-17 14:53:21,693+0530","service":"FyersAPIRequest"}
{"level":"DEBUG","location":"[get_call:158] fyersModel","message":{"Status Code":200,"API":"/history"},"timestamp":"2026-04-17 14:53:22,211+0530","service":"FyersAPIRequest"}
{"level":"DEBUG","location":"[get_call:158] fyersModel","message":{"Status Code":200,"API":"/history"},"timestamp":"2026-04-17 14:53:22,744+0530","service":"FyersAPIRequest"}
{"level":"DEBUG","location":"[get_call:158] fyersModel","message":{"Status Code":200,"API":"/history"},"timestamp":"2026-04-17 14:53:23,246+0530","service":"FyersAPIRequest"}
{"level":"DEBUG","location":"[get_call:158] fyersModel","message":{"Status Code":200,"API":"/history"},"timestamp":"2026-04-17 14:53:23,773+0530","service":"FyersAPIRequest"}
{"level":"DEBUG","location":"[get_call:158] fyersModel","message":{"Status Code":200,"API":"/history"},"timestamp":"2026-04-17 14:53:24,294+0530","service":"FyersAPIRequest"}
{"level":"DEBUG","location":"[get_call:158] fyersModel","message":{"Status Code":200,"API":"/history"},"timestamp":"2026-04-17 14:53:24,810+0530","service":"FyersAPIRequest"}
{"level":"DEBUG","location":"[get_call:158] fyersModel","message":{"Status Code":200,"API":"/history"},"timestamp":"2026-04-17 14:53:25,304+0530","service":"FyersAPIRequest"}
{"level":"DEBUG","location":"[get_call:158] fyersModel","message":{"Status Code":200,"API":"/history"},"timestamp":"2026-04-17 14:53:25,824+0530","service":"FyersAPIRequest"}
{"level":"DEBUG","location":"[get_call:158] fyersModel","message":{"Status Code":200,"API":"/history"},"timestamp":"2026-04-17 14:53:26,332+0530","service":"FyersAPIRequest"}
{"level":"DEBUG","location":"[get_call:158] fyersModel","message":{"Status Code":200,"API":"/history"},"timestamp":"2026-04-17 14:53:26,824+0530","service":"FyersAPIRequest"}
{"level":"DEBUG","location":"[get_call:158] fyersModel","message":{"Status Code":200,"API":"/history"},"timestamp":"2026-04-17 14:53:27,348+0530","service":"FyersAPIRequest"}
{"level":"DEBUG","location":"[get_call:158] fyersModel","message":{"Status Code":200,"API":"/history"},"timestamp":"2026-04-17 14:53:27,884+0530","service":"FyersAPIRequest"}
{"level":"DEBUG","location":"[get_call:158] fyersModel","message":{"Status Code":200,"API":"/history"},"timestamp":"2026-04-17 14:53:28,401+0530","service":"FyersAPIRequest"}
{"level":"DEBUG","location":"[get_call:158] fyersModel","message":{"Status Code":200,"API":"/history"},"timestamp":"2026-04-17 14:53:28,930+0530","service":"FyersAPIRequest"}
{"level":"DEBUG","location":"[get_call:158] fyersModel","message":{"Status Code":200,"API":"/quotes"},"timestamp":"2026-04-17 14:53:29,430+0530","service":"FyersAPIRequest"}
{"level":"DEBUG","location":"[get_call:158] fyersModel","message":{"Status Code":200,"API":"/quotes"},"timestamp":"2026-04-17 14:53:29,840+0530","service":"FyersAPIRequest"}
{"level":"DEBUG","location":"[get_call:158] fyersModel","message":{"Status Code":200,"API":"/history"},"timestamp":"2026-04-17 14:53:30,266+0530","service":"FyersAPIRequest"}
{"level":"DEBUG","location":"[get_call:158] fyersModel","message":{"Status Code":200,"API":"/options-chain-v3"},"timestamp":"2026-04-17 14:53:30,384+0530","service":"FyersAPIRequest"}
{"level":"DEBUG","location":"[get_call:158] fyersModel","message":{"Status Code":200,"API":"/options-chain-v3"},"timestamp":"2026-04-17 14:53:31,020+0530","service":"FyersAPIRequest"}
{"level":"DEBUG","location":"[get_call:158] fyersModel","message":{"Status Code":200,"API":"/options-chain-v3"},"timestamp":"2026-04-17 14:53:31,624+0530","service":"FyersAPIRequest"}
{"level":"DEBUG","location":"[get_call:158] fyersModel","message":{"Status Code":200,"API":"/options-chain-v3"},"timestamp":"2026-04-17 14:53:32,245+0530","service":"FyersAPIRequest"}
{"level":"DEBUG","location":"[get_call:158] fyersModel","message":{"Status Code":200,"API":"/options-chain-v3"},"timestamp":"2026-04-17 14:53:32,854+0530","service":"FyersAPIRequest"}
{"level":"DEBUG","location":"[get_call:158] fyersModel","message":{"Status Code":200,"API":"/quotes"},"timestamp":"2026-04-17 14:53:33,452+0530","service":"FyersAPIRequest"}
{"level":"DEBUG","location":"[get_call:158] fyersModel","message":{"Status Code":200,"API":"/quotes"},"timestamp":"2026-04-17 14:53:34,588+0530","service":"FyersAPIRequest"}
{"level":"DEBUG","location":"[get_call:158] fyersModel","message":{"Status Code":200,"API":"/quotes"},"timestamp":"2026-04-17 14:53:38,025+0530","service":"FyersAPIRequest"}
{"level":"DEBUG","location":"[get_call:158] fyersModel","message":{"Status Code":200,"API":"/positions"},"timestamp":"2026-04-17 18:08:49,940+0530","service":"FyersAPIRequest"}
{"level":"DEBUG","location":"[get_call:158] fyersModel","message":{"Status Code":200,"API":"/history"},"timestamp":"2026-04-17 18:08:50,389+0530","service":"FyersAPIRequest"}
{"level":"DEBUG","location":"[get_call:158] fyersModel","message":{"Status Code":200,"API":"/history"},"timestamp":"2026-04-17 18:08:51,062+0530","service":"FyersAPIRequest"}
{"level":"DEBUG","location":"[get_call:158] fyersModel","message":{"Status Code":200,"API":"/history"},"timestamp":"2026-04-17 18:08:51,706+0530","service":"FyersAPIRequest"}
{"level":"DEBUG","location":"[get_call:158] fyersModel","message":{"Status Code":200,"API":"/history"},"timestamp":"2026-04-17 18:08:52,375+0530","service":"FyersAPIRequest"}
{"level":"DEBUG","location":"[get_call:158] fyersModel","message":{"Status Code":200,"API":"/history"},"timestamp":"2026-04-17 18:08:53,165+0530","service":"FyersAPIRequest"}
{"level":"DEBUG","location":"[get_call:158] fyersModel","message":{"Status Code":200,"API":"/history"},"timestamp":"2026-04-17 18:08:53,714+0530","service":"FyersAPIRequest"}
{"level":"DEBUG","location":"[get_call:158] fyersModel","message":{"Status Code":200,"API":"/history"},"timestamp":"2026-04-17 18:08:54,257+0530","service":"FyersAPIRequest"}
{"level":"DEBUG","location":"[get_call:158] fyersModel","message":{"Status Code":200,"API":"/history"},"timestamp":"2026-04-17 18:08:54,944+0530","service":"FyersAPIRequest"}
{"level":"DEBUG","location":"[get_call:158] fyersModel","message":{"Status Code":200,"API":"/history"},"timestamp":"2026-04-17 18:08:55,837+0530","service":"FyersAPIRequest"}
{"level":"DEBUG","location":"[get_call:158] fyersModel","message":{"Status Code":200,"API":"/history"},"timestamp":"2026-04-17 18:08:56,480+0530","service":"FyersAPIRequest"}
{"level":"DEBUG","location":"[get_call:158] fyersModel","message":{"Status Code":200,"API":"/history"},"timestamp":"2026-04-17 18:08:57,055+0530","service":"FyersAPIRequest"}
{"level":"DEBUG","location":"[get_call:158] fyersModel","message":{"Status Code":200,"API":"/history"},"timestamp":"2026-04-17 18:08:57,714+0530","service":"FyersAPIRequest"}
{"level":"DEBUG","location":"[get_call:158] fyersModel","message":{"Status Code":200,"API":"/history"},"timestamp":"2026-04-17 18:08:58,462+0530","service":"FyersAPIRequest"}
{"level":"DEBUG","location":"[get_call:158] fyersModel","message":{"Status Code":200,"API":"/history"},"timestamp":"2026-04-17 18:08:59,050+0530","service":"FyersAPIRequest"}
{"level":"DEBUG","location":"[get_call:158] fyersModel","message":{"Status Code":200,"API":"/history"},"timestamp":"2026-04-17 18:08:59,728+0530","service":"FyersAPIRequest"}
{"level":"DEBUG","location":"[get_call:158] fyersModel","message":{"Status Code":200,"API":"/history"},"timestamp":"2026-04-17 18:09:00,369+0530","service":"FyersAPIRequest"}
{"level":"DEBUG","location":"[get_call:158] fyersModel","message":{"Status Code":200,"API":"/history"},"timestamp":"2026-04-17 18:09:01,007+0530","service":"FyersAPIRequest"}
{"level":"DEBUG","location":"[get_call:158] fyersModel","message":{"Status Code":200,"API":"/history"},"timestamp":"2026-04-17 18:09:01,707+0530","service":"FyersAPIRequest"}
{"level":"DEBUG","location":"[get_call:158] fyersModel","message":{"Status Code":200,"API":"/history"},"timestamp":"2026-04-17 18:09:02,333+0530","service":"FyersAPIRequest"}
{"level":"DEBUG","location":"[get_call:158] fyersModel","message":{"Status Code":200,"API":"/history"},"timestamp":"2026-04-17 18:09:03,101+0530","service":"FyersAPIRequest"}
{"level":"DEBUG","location":"[get_call:158] fyersModel","message":{"Status Code":200,"API":"/history"},"timestamp":"2026-04-17 18:09:03,733+0530","service":"FyersAPIRequest"}
{"level":"DEBUG","location":"[get_call:158] fyersModel","message":{"Status Code":200,"API":"/history"},"timestamp":"2026-04-17 18:09:04,294+0530","service":"FyersAPIRequest"}
{"level":"DEBUG","location":"[get_call:158] fyersModel","message":{"Status Code":200,"API":"/history"},"timestamp":"2026-04-17 18:09:05,217+0530","service":"FyersAPIRequest"}
{"level":"DEBUG","location":"[get_call:158] fyersModel","message":{"Status Code":200,"API":"/history"},"timestamp":"2026-04-17 18:09:06,514+0530","service":"FyersAPIRequest"}
{"level":"DEBUG","location":"[get_call:158] fyersModel","message":{"Status Code":200,"API":"/history"},"timestamp":"2026-04-17 18:09:06,991+0530","service":"FyersAPIRequest"}
{"level":"DEBUG","location":"[get_call:158] fyersModel","message":{"Status Code":200,"API":"/history"},"timestamp":"2026-04-17 18:09:07,629+0530","service":"FyersAPIRequest"}
{"level":"DEBUG","location":"[get_call:158] fyersModel","message":{"Status Code":200,"API":"/history"},"timestamp":"2026-04-17 18:09:08,199+0530","service":"FyersAPIRequest"}
{"level":"DEBUG","location":"[get_call:158] fyersModel","message":{"Status Code":200,"API":"/history"},"timestamp":"2026-04-17 18:09:08,794+0530","service":"FyersAPIRequest"}
{"level":"DEBUG","location":"[get_call:158] fyersModel","message":{"Status Code":200,"API":"/history"},"timestamp":"2026-04-17 18:09:09,328+0530","service":"FyersAPIRequest"}
{"level":"DEBUG","location":"[get_call:158] fyersModel","message":{"Status Code":200,"API":"/history"},"timestamp":"2026-04-17 18:09:09,973+0530","service":"FyersAPIRequest"}
{"level":"DEBUG","location":"[get_call:158] fyersModel","message":{"Status Code":200,"API":"/history"},"timestamp":"2026-04-17 18:09:10,524+0530","service":"FyersAPIRequest"}
{"level":"DEBUG","location":"[get_call:158] fyersModel","message":{"Status Code":200,"API":"/history"},"timestamp":"2026-04-17 18:09:11,302+0530","service":"FyersAPIRequest"}
{"level":"DEBUG","location":"[get_call:158] fyersModel","message":{"Status Code":200,"API":"/history"},"timestamp":"2026-04-17 18:09:11,949+0530","service":"FyersAPIRequest"}
{"level":"DEBUG","location":"[get_call:158] fyersModel","message":{"Status Code":200,"API":"/history"},"timestamp":"2026-04-17 18:09:12,681+0530","service":"FyersAPIRequest"}
{"level":"DEBUG","location":"[get_call:158] fyersModel","message":{"Status Code":200,"API":"/history"},"timestamp":"2026-04-17 18:09:13,309+0530","service":"FyersAPIRequest"}
{"level":"DEBUG","location":"[get_call:158] fyersModel","message":{"Status Code":200,"API":"/history"},"timestamp":"2026-04-17 18:09:13,934+0530","service":"FyersAPIRequest"}
{"level":"DEBUG","location":"[get_call:158] fyersModel","message":{"Status Code":200,"API":"/history"},"timestamp":"2026-04-17 18:09:14,514+0530","service":"FyersAPIRequest"}
{"level":"DEBUG","location":"[get_call:158] fyersModel","message":{"Status Code":200,"API":"/history"},"timestamp":"2026-04-17 18:09:15,294+0530","service":"FyersAPIRequest"}
{"level":"DEBUG","location":"[get_call:158] fyersModel","message":{"Status Code":200,"API":"/history"},"timestamp":"2026-04-17 18:09:15,859+0530","service":"FyersAPIRequest"}
{"level":"DEBUG","location":"[get_call:158] fyersModel","message":{"Status Code":200,"API":"/history"},"timestamp":"2026-04-17 18:09:16,814+0530","service":"FyersAPIRequest"}
{"level":"DEBUG","location":"[get_call:158] fyersModel","message":{"Status Code":200,"API":"/history"},"timestamp":"2026-04-17 18:09:17,412+0530","service":"FyersAPIRequest"}
{"level":"DEBUG","location":"[get_call:158] fyersModel","message":{"Status Code":200,"API":"/history"},"timestamp":"2026-04-17 18:09:18,049+0530","service":"FyersAPIRequest"}
{"level":"DEBUG","location":"[get_call:158] fyersModel","message":{"Status Code":200,"API":"/history"},"timestamp":"2026-04-17 18:09:18,669+0530","service":"FyersAPIRequest"}
{"level":"DEBUG","location":"[get_call:158] fyersModel","message":{"Status Code":200,"API":"/history"},"timestamp":"2026-04-17 18:09:19,274+0530","service":"FyersAPIRequest"}
{"level":"DEBUG","location":"[get_call:158] fyersModel","message":{"Status Code":200,"API":"/history"},"timestamp":"2026-04-17 18:09:19,870+0530","service":"FyersAPIRequest"}
{"level":"DEBUG","location":"[get_call:158] fyersModel","message":{"Status Code":200,"API":"/history"},"timestamp":"2026-04-17 18:09:20,509+0530","service":"FyersAPIRequest"}
{"level":"DEBUG","location":"[get_call:158] fyersModel","message":{"Status Code":200,"API":"/history"},"timestamp":"2026-04-17 18:09:21,079+0530","service":"FyersAPIRequest"}
{"level":"DEBUG","location":"[get_call:158] fyersModel","message":{"Status Code":200,"API":"/history"},"timestamp":"2026-04-17 18:09:21,693+0530","service":"FyersAPIRequest"}
{"level":"DEBUG","location":"[get_call:158] fyersModel","message":{"Status Code":200,"API":"/history"},"timestamp":"2026-04-17 18:09:22,319+0530","service":"FyersAPIRequest"}
{"level":"DEBUG","location":"[get_call:158] fyersModel","message":{"Status Code":200,"API":"/history"},"timestamp":"2026-04-17 18:09:22,975+0530","service":"FyersAPIRequest"}
{"level":"DEBUG","location":"[get_call:158] fyersModel","message":{"Status Code":200,"API":"/history"},"timestamp":"2026-04-17 18:09:23,561+0530","service":"FyersAPIRequest"}
{"level":"DEBUG","location":"[get_call:158] fyersModel","message":{"Status Code":200,"API":"/quotes"},"timestamp":"2026-04-17 18:09:24,213+0530","service":"FyersAPIRequest"}
{"level":"DEBUG","location":"[get_call:158] fyersModel","message":{"Status Code":200,"API":"/quotes"},"timestamp":"2026-04-17 18:09:24,703+0530","service":"FyersAPIRequest"}
{"level":"DEBUG","location":"[get_call:158] fyersModel","message":{"Status Code":200,"API":"/history"},"timestamp":"2026-04-17 18:09:25,252+0530","service":"FyersAPIRequest"}
{"level":"DEBUG","location":"[get_call:158] fyersModel","message":{"Status Code":200,"API":"/options-chain-v3"},"timestamp":"2026-04-17 18:09:25,625+0530","service":"FyersAPIRequest"}
{"level":"DEBUG","location":"[get_call:158] fyersModel","message":{"Status Code":200,"API":"/options-chain-v3"},"timestamp":"2026-04-17 18:09:26,632+0530","service":"FyersAPIRequest"}
{"level":"DEBUG","location":"[get_call:158] fyersModel","message":{"Status Code":200,"API":"/options-chain-v3"},"timestamp":"2026-04-17 18:09:27,305+0530","service":"FyersAPIRequest"}
{"level":"DEBUG","location":"[get_call:158] fyersModel","message":{"Status Code":200,"API":"/options-chain-v3"},"timestamp":"2026-04-17 18:09:28,019+0530","service":"FyersAPIRequest"}
{"level":"DEBUG","location":"[get_call:158] fyersModel","message":{"Status Code":200,"API":"/options-chain-v3"},"timestamp":"2026-04-17 18:09:28,694+0530","service":"FyersAPIRequest"}
{"level":"DEBUG","location":"[get_call:158] fyersModel","message":{"Status Code":200,"API":"/quotes"},"timestamp":"2026-04-17 18:09:29,391+0530","service":"FyersAPIRequest"}
{"level":"DEBUG","location":"[get_call:158] fyersModel","message":{"Status Code":200,"API":"/quotes"},"timestamp":"2026-04-17 18:09:33,359+0530","service":"FyersAPIRequest"}
{"level":"DEBUG","location":"[get_call:158] fyersModel","message":{"Status Code":200,"API":"/quotes"},"timestamp":"2026-04-17 18:09:38,840+0530","service":"FyersAPIRequest"}
{"level":"DEBUG","location":"[get_call:158] fyersModel","message":{"Status Code":200,"API":"/positions"},"timestamp":"2026-04-17 18:29:13,356+0530","service":"FyersAPIRequest"}
{"level":"DEBUG","location":"[get_call:158] fyersModel","message":{"Status Code":200,"API":"/history"},"timestamp":"2026-04-17 18:29:13,622+0530","service":"FyersAPIRequest"}
{"level":"DEBUG","location":"[get_call:158] fyersModel","message":{"Status Code":200,"API":"/history"},"timestamp":"2026-04-17 18:29:15,644+0530","service":"FyersAPIRequest"}
{"level":"DEBUG","location":"[get_call:158] fyersModel","message":{"Status Code":200,"API":"/history"},"timestamp":"2026-04-17 18:29:16,296+0530","service":"FyersAPIRequest"}
{"level":"DEBUG","location":"[get_call:158] fyersModel","message":{"Status Code":200,"API":"/history"},"timestamp":"2026-04-17 18:29:17,165+0530","service":"FyersAPIRequest"}
{"level":"DEBUG","location":"[get_call:158] fyersModel","message":{"Status Code":200,"API":"/history"},"timestamp":"2026-04-17 18:29:18,727+0530","service":"FyersAPIRequest"}
{"level":"DEBUG","location":"[get_call:158] fyersModel","message":{"Status Code":200,"API":"/history"},"timestamp":"2026-04-17 18:29:19,504+0530","service":"FyersAPIRequest"}
{"level":"DEBUG","location":"[get_call:158] fyersModel","message":{"Status Code":200,"API":"/history"},"timestamp":"2026-04-17 18:29:20,812+0530","service":"FyersAPIRequest"}
{"level":"DEBUG","location":"[get_call:158] fyersModel","message":{"Status Code":200,"API":"/history"},"timestamp":"2026-04-17 18:29:21,374+0530","service":"FyersAPIRequest"}
{"level":"DEBUG","location":"[get_call:158] fyersModel","message":{"Status Code":200,"API":"/history"},"timestamp":"2026-04-17 18:29:22,050+0530","service":"FyersAPIRequest"}
{"level":"DEBUG","location":"[get_call:158] fyersModel","message":{"Status Code":200,"API":"/history"},"timestamp":"2026-04-17 18:29:22,799+0530","service":"FyersAPIRequest"}
{"level":"DEBUG","location":"[get_call:158] fyersModel","message":{"Status Code":200,"API":"/history"},"timestamp":"2026-04-17 18:29:23,455+0530","service":"FyersAPIRequest"}
{"level":"DEBUG","location":"[get_call:158] fyersModel","message":{"Status Code":200,"API":"/history"},"timestamp":"2026-04-17 18:29:24,187+0530","service":"FyersAPIRequest"}
{"level":"DEBUG","location":"[get_call:158] fyersModel","message":{"Status Code":200,"API":"/history"},"timestamp":"2026-04-17 18:29:25,229+0530","service":"FyersAPIRequest"}
{"level":"DEBUG","location":"[get_call:158] fyersModel","message":{"Status Code":200,"API":"/history"},"timestamp":"2026-04-17 18:29:26,065+0530","service":"FyersAPIRequest"}
{"level":"DEBUG","location":"[get_call:158] fyersModel","message":{"Status Code":200,"API":"/history"},"timestamp":"2026-04-17 18:29:26,798+0530","service":"FyersAPIRequest"}
{"level":"DEBUG","location":"[get_call:158] fyersModel","message":{"Status Code":200,"API":"/history"},"timestamp":"2026-04-17 18:29:27,624+0530","service":"FyersAPIRequest"}
{"level":"DEBUG","location":"[get_call:158] fyersModel","message":{"Status Code":200,"API":"/history"},"timestamp":"2026-04-17 18:29:28,299+0530","service":"FyersAPIRequest"}
{"level":"DEBUG","location":"[get_call:158] fyersModel","message":{"Status Code":200,"API":"/history"},"timestamp":"2026-04-17 18:29:29,141+0530","service":"FyersAPIRequest"}
{"level":"DEBUG","location":"[get_call:158] fyersModel","message":{"Status Code":200,"API":"/history"},"timestamp":"2026-04-17 18:29:29,811+0530","service":"FyersAPIRequest"}
{"level":"DEBUG","location":"[get_call:158] fyersModel","message":{"Status Code":200,"API":"/history"},"timestamp":"2026-04-17 18:29:30,482+0530","service":"FyersAPIRequest"}
{"level":"DEBUG","location":"[get_call:158] fyersModel","message":{"Status Code":200,"API":"/history"},"timestamp":"2026-04-17 18:29:31,173+0530","service":"FyersAPIRequest"}
{"level":"DEBUG","location":"[get_call:158] fyersModel","message":{"Status Code":200,"API":"/history"},"timestamp":"2026-04-17 18:29:31,926+0530","service":"FyersAPIRequest"}
{"level":"DEBUG","location":"[get_call:158] fyersModel","message":{"Status Code":200,"API":"/history"},"timestamp":"2026-04-17 18:29:32,845+0530","service":"FyersAPIRequest"}
{"level":"DEBUG","location":"[get_call:158] fyersModel","message":{"Status Code":200,"API":"/history"},"timestamp":"2026-04-17 18:29:33,514+0530","service":"FyersAPIRequest"}
{"level":"DEBUG","location":"[get_call:158] fyersModel","message":{"Status Code":200,"API":"/history"},"timestamp":"2026-04-17 18:29:34,195+0530","service":"FyersAPIRequest"}
{"level":"DEBUG","location":"[get_call:158] fyersModel","message":{"Status Code":200,"API":"/history"},"timestamp":"2026-04-17 18:29:34,999+0530","service":"FyersAPIRequest"}
{"level":"DEBUG","location":"[get_call:158] fyersModel","message":{"Status Code":200,"API":"/history"},"timestamp":"2026-04-17 18:29:35,794+0530","service":"FyersAPIRequest"}
{"level":"DEBUG","location":"[get_call:158] fyersModel","message":{"Status Code":200,"API":"/history"},"timestamp":"2026-04-17 18:29:36,475+0530","service":"FyersAPIRequest"}
{"level":"DEBUG","location":"[get_call:158] fyersModel","message":{"Status Code":200,"API":"/history"},"timestamp":"2026-04-17 18:29:37,170+0530","service":"FyersAPIRequest"}
{"level":"DEBUG","location":"[get_call:158] fyersModel","message":{"Status Code":200,"API":"/history"},"timestamp":"2026-04-17 18:29:38,380+0530","service":"FyersAPIRequest"}
{"level":"DEBUG","location":"[get_call:158] fyersModel","message":{"Status Code":200,"API":"/history"},"timestamp":"2026-04-17 18:29:39,217+0530","service":"FyersAPIRequest"}
{"level":"DEBUG","location":"[get_call:158] fyersModel","message":{"Status Code":200,"API":"/history"},"timestamp":"2026-04-17 18:29:39,855+0530","service":"FyersAPIRequest"}
{"level":"DEBUG","location":"[get_call:158] fyersModel","message":{"Status Code":200,"API":"/history"},"timestamp":"2026-04-17 18:29:40,570+0530","service":"FyersAPIRequest"}
{"level":"DEBUG","location":"[get_call:158] fyersModel","message":{"Status Code":200,"API":"/history"},"timestamp":"2026-04-17 18:29:41,319+0530","service":"FyersAPIRequest"}
{"level":"DEBUG","location":"[get_call:158] fyersModel","message":{"Status Code":200,"API":"/history"},"timestamp":"2026-04-17 18:29:41,949+0530","service":"FyersAPIRequest"}
{"level":"DEBUG","location":"[get_call:158] fyersModel","message":{"Status Code":200,"API":"/history"},"timestamp":"2026-04-17 18:29:42,656+0530","service":"FyersAPIRequest"}
{"level":"DEBUG","location":"[get_call:158] fyersModel","message":{"Status Code":200,"API":"/history"},"timestamp":"2026-04-17 18:29:43,396+0530","service":"FyersAPIRequest"}
{"level":"DEBUG","location":"[get_call:158] fyersModel","message":{"Status Code":200,"API":"/history"},"timestamp":"2026-04-17 18:29:44,140+0530","service":"FyersAPIRequest"}
{"level":"DEBUG","location":"[get_call:158] fyersModel","message":{"Status Code":200,"API":"/history"},"timestamp":"2026-04-17 18:29:44,780+0530","service":"FyersAPIRequest"}
{"level":"DEBUG","location":"[get_call:158] fyersModel","message":{"Status Code":200,"API":"/history"},"timestamp":"2026-04-17 18:29:45,441+0530","service":"FyersAPIRequest"}
{"level":"DEBUG","location":"[get_call:158] fyersModel","message":{"Status Code":200,"API":"/history"},"timestamp":"2026-04-17 18:29:46,214+0530","service":"FyersAPIRequest"}
{"level":"DEBUG","location":"[get_call:158] fyersModel","message":{"Status Code":200,"API":"/history"},"timestamp":"2026-04-17 18:29:46,835+0530","service":"FyersAPIRequest"}
{"level":"DEBUG","location":"[get_call:158] fyersModel","message":{"Status Code":200,"API":"/history"},"timestamp":"2026-04-17 18:29:47,622+0530","service":"FyersAPIRequest"}
{"level":"DEBUG","location":"[get_call:158] fyersModel","message":{"Status Code":200,"API":"/history"},"timestamp":"2026-04-17 18:29:48,242+0530","service":"FyersAPIRequest"}
{"level":"DEBUG","location":"[get_call:158] fyersModel","message":{"Status Code":200,"API":"/history"},"timestamp":"2026-04-17 18:29:48,854+0530","service":"FyersAPIRequest"}
{"level":"DEBUG","location":"[get_call:158] fyersModel","message":{"Status Code":200,"API":"/history"},"timestamp":"2026-04-17 18:29:49,581+0530","service":"FyersAPIRequest"}
{"level":"DEBUG","location":"[get_call:158] fyersModel","message":{"Status Code":200,"API":"/history"},"timestamp":"2026-04-17 18:29:50,298+0530","service":"FyersAPIRequest"}
{"level":"DEBUG","location":"[get_call:158] fyersModel","message":{"Status Code":200,"API":"/history"},"timestamp":"2026-04-17 18:29:50,972+0530","service":"FyersAPIRequest"}
{"level":"DEBUG","location":"[get_call:158] fyersModel","message":{"Status Code":200,"API":"/history"},"timestamp":"2026-04-17 18:29:51,721+0530","service":"FyersAPIRequest"}
{"level":"DEBUG","location":"[get_call:158] fyersModel","message":{"Status Code":200,"API":"/history"},"timestamp":"2026-04-17 18:29:52,440+0530","service":"FyersAPIRequest"}
{"level":"DEBUG","location":"[get_call:158] fyersModel","message":{"Status Code":200,"API":"/history"},"timestamp":"2026-04-17 18:29:53,113+0530","service":"FyersAPIRequest"}
{"level":"DEBUG","location":"[get_call:158] fyersModel","message":{"Status Code":200,"API":"/quotes"},"timestamp":"2026-04-17 18:29:54,023+0530","service":"FyersAPIRequest"}
{"level":"DEBUG","location":"[get_call:158] fyersModel","message":{"Status Code":200,"API":"/quotes"},"timestamp":"2026-04-17 18:29:54,584+0530","service":"FyersAPIRequest"}
{"level":"DEBUG","location":"[get_call:158] fyersModel","message":{"Status Code":200,"API":"/history"},"timestamp":"2026-04-17 18:29:55,445+0530","service":"FyersAPIRequest"}
{"level":"DEBUG","location":"[get_call:158] fyersModel","message":{"Status Code":200,"API":"/options-chain-v3"},"timestamp":"2026-04-17 18:29:55,835+0530","service":"FyersAPIRequest"}
{"level":"DEBUG","location":"[get_call:158] fyersModel","message":{"Status Code":200,"API":"/options-chain-v3"},"timestamp":"2026-04-17 18:29:56,568+0530","service":"FyersAPIRequest"}
{"level":"DEBUG","location":"[get_call:158] fyersModel","message":{"Status Code":200,"API":"/options-chain-v3"},"timestamp":"2026-04-17 18:29:57,350+0530","service":"FyersAPIRequest"}
{"level":"DEBUG","location":"[get_call:158] fyersModel","message":{"Status Code":200,"API":"/options-chain-v3"},"timestamp":"2026-04-17 18:29:58,115+0530","service":"FyersAPIRequest"}
{"level":"DEBUG","location":"[get_call:158] fyersModel","message":{"Status Code":200,"API":"/options-chain-v3"},"timestamp":"2026-04-17 18:29:59,274+0530","service":"FyersAPIRequest"}
{"level":"DEBUG","location":"[get_call:158] fyersModel","message":{"Status Code":200,"API":"/quotes"},"timestamp":"2026-04-17 18:30:00,216+0530","service":"FyersAPIRequest"}
{"level":"DEBUG","location":"[get_call:158] fyersModel","message":{"Status Code":200,"API":"/quotes"},"timestamp":"2026-04-17 18:30:02,042+0530","service":"FyersAPIRequest"}
{"level":"DEBUG","location":"[get_call:158] fyersModel","message":{"Status Code":200,"API":"/quotes"},"timestamp":"2026-04-17 18:30:07,898+0530","service":"FyersAPIRequest"}
{"level":"DEBUG","location":"[get_call:158] fyersModel","message":{"Status Code":200,"API":"/positions"},"timestamp":"2026-04-17 19:31:23,499+0530","service":"FyersAPIRequest"}
{"level":"DEBUG","location":"[get_call:158] fyersModel","message":{"Status Code":200,"API":"/history"},"timestamp":"2026-04-17 19:31:23,602+0530","service":"FyersAPIRequest"}
{"level":"DEBUG","location":"[get_call:158] fyersModel","message":{"Status Code":200,"API":"/history"},"timestamp":"2026-04-17 19:31:24,132+0530","service":"FyersAPIRequest"}
{"level":"DEBUG","location":"[get_call:158] fyersModel","message":{"Status Code":200,"API":"/history"},"timestamp":"2026-04-17 19:31:24,642+0530","service":"FyersAPIRequest"}
{"level":"DEBUG","location":"[get_call:158] fyersModel","message":{"Status Code":200,"API":"/history"},"timestamp":"2026-04-17 19:31:25,185+0530","service":"FyersAPIRequest"}
{"level":"DEBUG","location":"[get_call:158] fyersModel","message":{"Status Code":200,"API":"/history"},"timestamp":"2026-04-17 19:31:25,714+0530","service":"FyersAPIRequest"}
{"level":"DEBUG","location":"[get_call:158] fyersModel","message":{"Status Code":200,"API":"/history"},"timestamp":"2026-04-17 19:31:26,249+0530","service":"FyersAPIRequest"}
{"level":"DEBUG","location":"[get_call:158] fyersModel","message":{"Status Code":200,"API":"/history"},"timestamp":"2026-04-17 19:31:26,749+0530","service":"FyersAPIRequest"}
{"level":"DEBUG","location":"[get_call:158] fyersModel","message":{"Status Code":200,"API":"/history"},"timestamp":"2026-04-17 19:31:27,269+0530","service":"FyersAPIRequest"}
{"level":"DEBUG","location":"[get_call:158] fyersModel","message":{"Status Code":200,"API":"/history"},"timestamp":"2026-04-17 19:31:27,782+0530","service":"FyersAPIRequest"}
{"level":"DEBUG","location":"[get_call:158] fyersModel","message":{"Status Code":200,"API":"/history"},"timestamp":"2026-04-17 19:31:28,298+0530","service":"FyersAPIRequest"}
{"level":"DEBUG","location":"[get_call:158] fyersModel","message":{"Status Code":200,"API":"/history"},"timestamp":"2026-04-17 19:31:28,821+0530","service":"FyersAPIRequest"}
{"level":"DEBUG","location":"[get_call:158] fyersModel","message":{"Status Code":200,"API":"/history"},"timestamp":"2026-04-17 19:31:29,355+0530","service":"FyersAPIRequest"}
{"level":"DEBUG","location":"[get_call:158] fyersModel","message":{"Status Code":200,"API":"/history"},"timestamp":"2026-04-17 19:31:29,883+0530","service":"FyersAPIRequest"}
{"level":"DEBUG","location":"[get_call:158] fyersModel","message":{"Status Code":200,"API":"/history"},"timestamp":"2026-04-17 19:31:30,426+0530","service":"FyersAPIRequest"}
{"level":"DEBUG","location":"[get_call:158] fyersModel","message":{"Status Code":200,"API":"/history"},"timestamp":"2026-04-17 19:31:30,950+0530","service":"FyersAPIRequest"}
{"level":"DEBUG","location":"[get_call:158] fyersModel","message":{"Status Code":200,"API":"/history"},"timestamp":"2026-04-17 19:31:31,453+0530","service":"FyersAPIRequest"}
{"level":"DEBUG","location":"[get_call:158] fyersModel","message":{"Status Code":200,"API":"/history"},"timestamp":"2026-04-17 19:31:31,969+0530","service":"FyersAPIRequest"}
{"level":"DEBUG","location":"[get_call:158] fyersModel","message":{"Status Code":200,"API":"/history"},"timestamp":"2026-04-17 19:31:32,475+0530","service":"FyersAPIRequest"}
{"level":"DEBUG","location":"[get_call:158] fyersModel","message":{"Status Code":200,"API":"/history"},"timestamp":"2026-04-17 19:31:33,000+0530","service":"FyersAPIRequest"}
{"level":"DEBUG","location":"[get_call:158] fyersModel","message":{"Status Code":200,"API":"/history"},"timestamp":"2026-04-17 19:31:33,534+0530","service":"FyersAPIRequest"}
{"level":"DEBUG","location":"[get_call:158] fyersModel","message":{"Status Code":200,"API":"/history"},"timestamp":"2026-04-17 19:31:34,052+0530","service":"FyersAPIRequest"}
{"level":"DEBUG","location":"[get_call:158] fyersModel","message":{"Status Code":200,"API":"/history"},"timestamp":"2026-04-17 19:31:34,595+0530","service":"FyersAPIRequest"}
{"level":"DEBUG","location":"[get_call:158] fyersModel","message":{"Status Code":200,"API":"/history"},"timestamp":"2026-04-17 19:31:35,106+0530","service":"FyersAPIRequest"}
{"level":"DEBUG","location":"[get_call:158] fyersModel","message":{"Status Code":200,"API":"/history"},"timestamp":"2026-04-17 19:31:35,640+0530","service":"FyersAPIRequest"}
{"level":"DEBUG","location":"[get_call:158] fyersModel","message":{"Status Code":200,"API":"/history"},"timestamp":"2026-04-17 19:31:36,164+0530","service":"FyersAPIRequest"}
{"level":"DEBUG","location":"[get_call:158] fyersModel","message":{"Status Code":200,"API":"/history"},"timestamp":"2026-04-17 19:31:36,676+0530","service":"FyersAPIRequest"}
{"level":"DEBUG","location":"[get_call:158] fyersModel","message":{"Status Code":200,"API":"/history"},"timestamp":"2026-04-17 19:31:37,170+0530","service":"FyersAPIRequest"}
{"level":"DEBUG","location":"[get_call:158] fyersModel","message":{"Status Code":200,"API":"/history"},"timestamp":"2026-04-17 19:31:37,695+0530","service":"FyersAPIRequest"}
{"level":"DEBUG","location":"[get_call:158] fyersModel","message":{"Status Code":200,"API":"/history"},"timestamp":"2026-04-17 19:31:38,203+0530","service":"FyersAPIRequest"}
{"level":"DEBUG","location":"[get_call:158] fyersModel","message":{"Status Code":200,"API":"/history"},"timestamp":"2026-04-17 19:31:38,719+0530","service":"FyersAPIRequest"}
{"level":"DEBUG","location":"[get_call:158] fyersModel","message":{"Status Code":200,"API":"/history"},"timestamp":"2026-04-17 19:31:39,248+0530","service":"FyersAPIRequest"}
{"level":"DEBUG","location":"[get_call:158] fyersModel","message":{"Status Code":200,"API":"/history"},"timestamp":"2026-04-17 19:31:39,776+0530","service":"FyersAPIRequest"}
{"level":"DEBUG","location":"[get_call:158] fyersModel","message":{"Status Code":200,"API":"/history"},"timestamp":"2026-04-17 19:31:40,285+0530","service":"FyersAPIRequest"}
{"level":"DEBUG","location":"[get_call:158] fyersModel","message":{"Status Code":200,"API":"/history"},"timestamp":"2026-04-17 19:31:40,780+0530","service":"FyersAPIRequest"}
{"level":"DEBUG","location":"[get_call:158] fyersModel","message":{"Status Code":200,"API":"/history"},"timestamp":"2026-04-17 19:31:41,277+0530","service":"FyersAPIRequest"}
{"level":"DEBUG","location":"[get_call:158] fyersModel","message":{"Status Code":200,"API":"/history"},"timestamp":"2026-04-17 19:31:41,817+0530","service":"FyersAPIRequest"}
{"level":"DEBUG","location":"[get_call:158] fyersModel","message":{"Status Code":200,"API":"/history"},"timestamp":"2026-04-17 19:31:42,316+0530","service":"FyersAPIRequest"}
{"level":"DEBUG","location":"[get_call:158] fyersModel","message":{"Status Code":200,"API":"/history"},"timestamp":"2026-04-17 19:31:42,806+0530","service":"FyersAPIRequest"}
{"level":"DEBUG","location":"[get_call:158] fyersModel","message":{"Status Code":200,"API":"/history"},"timestamp":"2026-04-17 19:31:43,315+0530","service":"FyersAPIRequest"}
{"level":"DEBUG","location":"[get_call:158] fyersModel","message":{"Status Code":200,"API":"/history"},"timestamp":"2026-04-17 19:31:43,825+0530","service":"FyersAPIRequest"}
{"level":"DEBUG","location":"[get_call:158] fyersModel","message":{"Status Code":200,"API":"/history"},"timestamp":"2026-04-17 19:31:44,321+0530","service":"FyersAPIRequest"}
{"level":"DEBUG","location":"[get_call:158] fyersModel","message":{"Status Code":200,"API":"/history"},"timestamp":"2026-04-17 19:31:44,813+0530","service":"FyersAPIRequest"}
{"level":"DEBUG","location":"[get_call:158] fyersModel","message":{"Status Code":200,"API":"/history"},"timestamp":"2026-04-17 19:31:45,356+0530","service":"FyersAPIRequest"}
{"level":"DEBUG","location":"[get_call:158] fyersModel","message":{"Status Code":200,"API":"/history"},"timestamp":"2026-04-17 19:31:45,871+0530","service":"FyersAPIRequest"}
{"level":"DEBUG","location":"[get_call:158] fyersModel","message":{"Status Code":200,"API":"/history"},"timestamp":"2026-04-17 19:31:46,394+0530","service":"FyersAPIRequest"}
{"level":"DEBUG","location":"[get_call:158] fyersModel","message":{"Status Code":200,"API":"/history"},"timestamp":"2026-04-17 19:31:46,888+0530","service":"FyersAPIRequest"}
{"level":"DEBUG","location":"[get_call:158] fyersModel","message":{"Status Code":200,"API":"/history"},"timestamp":"2026-04-17 19:31:47,409+0530","service":"FyersAPIRequest"}
{"level":"DEBUG","location":"[get_call:158] fyersModel","message":{"Status Code":200,"API":"/history"},"timestamp":"2026-04-17 19:31:47,923+0530","service":"FyersAPIRequest"}
{"level":"DEBUG","location":"[get_call:158] fyersModel","message":{"Status Code":200,"API":"/history"},"timestamp":"2026-04-17 19:31:48,432+0530","service":"FyersAPIRequest"}
{"level":"DEBUG","location":"[get_call:158] fyersModel","message":{"Status Code":200,"API":"/history"},"timestamp":"2026-04-17 19:31:48,945+0530","service":"FyersAPIRequest"}
{"level":"DEBUG","location":"[get_call:158] fyersModel","message":{"Status Code":200,"API":"/history"},"timestamp":"2026-04-17 19:31:49,454+0530","service":"FyersAPIRequest"}
{"level":"DEBUG","location":"[get_call:158] fyersModel","message":{"Status Code":200,"API":"/quotes"},"timestamp":"2026-04-17 19:31:49,951+0530","service":"FyersAPIRequest"}
{"level":"DEBUG","location":"[get_call:158] fyersModel","message":{"Status Code":200,"API":"/quotes"},"timestamp":"2026-04-17 19:31:50,367+0530","service":"FyersAPIRequest"}
{"level":"DEBUG","location":"[get_call:158] fyersModel","message":{"Status Code":200,"API":"/history"},"timestamp":"2026-04-17 19:31:50,789+0530","service":"FyersAPIRequest"}
{"level":"DEBUG","location":"[get_call:158] fyersModel","message":{"Status Code":200,"API":"/options-chain-v3"},"timestamp":"2026-04-17 19:31:50,978+0530","service":"FyersAPIRequest"}
{"level":"DEBUG","location":"[get_call:158] fyersModel","message":{"Status Code":200,"API":"/options-chain-v3"},"timestamp":"2026-04-17 19:31:51,582+0530","service":"FyersAPIRequest"}
{"level":"DEBUG","location":"[get_call:158] fyersModel","message":{"Status Code":200,"API":"/options-chain-v3"},"timestamp":"2026-04-17 19:31:52,192+0530","service":"FyersAPIRequest"}
{"level":"DEBUG","location":"[get_call:158] fyersModel","message":{"Status Code":200,"API":"/options-chain-v3"},"timestamp":"2026-04-17 19:31:52,792+0530","service":"FyersAPIRequest"}
{"level":"DEBUG","location":"[get_call:158] fyersModel","message":{"Status Code":200,"API":"/options-chain-v3"},"timestamp":"2026-04-17 19:31:53,488+0530","service":"FyersAPIRequest"}
{"level":"DEBUG","location":"[get_call:158] fyersModel","message":{"Status Code":200,"API":"/quotes"},"timestamp":"2026-04-17 19:31:54,142+0530","service":"FyersAPIRequest"}
{"level":"DEBUG","location":"[get_call:158] fyersModel","message":{"Status Code":200,"API":"/quotes"},"timestamp":"2026-04-17 19:31:54,815+0530","service":"FyersAPIRequest"}
{"level":"DEBUG","location":"[get_call:158] fyersModel","message":{"Status Code":200,"API":"/quotes"},"timestamp":"2026-04-17 19:31:58,734+0530","service":"FyersAPIRequest"}
{"level":"DEBUG","location":"[get_call:158] fyersModel","message":{"Status Code":200,"API":"/positions"},"timestamp":"2026-04-17 19:54:12,702+0530","service":"FyersAPIRequest"}
{"level":"DEBUG","location":"[get_call:158] fyersModel","message":{"Status Code":200,"API":"/history"},"timestamp":"2026-04-17 19:54:12,788+0530","service":"FyersAPIRequest"}
{"level":"DEBUG","location":"[get_call:158] fyersModel","message":{"Status Code":200,"API":"/history"},"timestamp":"2026-04-17 19:54:13,316+0530","service":"FyersAPIRequest"}
{"level":"DEBUG","location":"[get_call:158] fyersModel","message":{"Status Code":200,"API":"/history"},"timestamp":"2026-04-17 19:54:13,812+0530","service":"FyersAPIRequest"}
{"level":"DEBUG","location":"[get_call:158] fyersModel","message":{"Status Code":200,"API":"/history"},"timestamp":"2026-04-17 19:54:14,309+0530","service":"FyersAPIRequest"}
{"level":"DEBUG","location":"[get_call:158] fyersModel","message":{"Status Code":200,"API":"/history"},"timestamp":"2026-04-17 19:54:14,835+0530","service":"FyersAPIRequest"}
{"level":"DEBUG","location":"[get_call:158] fyersModel","message":{"Status Code":200,"API":"/history"},"timestamp":"2026-04-17 19:54:15,325+0530","service":"FyersAPIRequest"}
{"level":"DEBUG","location":"[get_call:158] fyersModel","message":{"Status Code":200,"API":"/history"},"timestamp":"2026-04-17 19:54:15,809+0530","service":"FyersAPIRequest"}
{"level":"DEBUG","location":"[get_call:158] fyersModel","message":{"Status Code":200,"API":"/history"},"timestamp":"2026-04-17 19:54:16,303+0530","service":"FyersAPIRequest"}
{"level":"DEBUG","location":"[get_call:158] fyersModel","message":{"Status Code":200,"API":"/history"},"timestamp":"2026-04-17 19:54:16,793+0530","service":"FyersAPIRequest"}
{"level":"DEBUG","location":"[get_call:158] fyersModel","message":{"Status Code":200,"API":"/history"},"timestamp":"2026-04-17 19:54:17,279+0530","service":"FyersAPIRequest"}
{"level":"DEBUG","location":"[get_call:158] fyersModel","message":{"Status Code":200,"API":"/history"},"timestamp":"2026-04-17 19:54:17,814+0530","service":"FyersAPIRequest"}
{"level":"DEBUG","location":"[get_call:158] fyersModel","message":{"Status Code":200,"API":"/history"},"timestamp":"2026-04-17 19:54:18,316+0530","service":"FyersAPIRequest"}
{"level":"DEBUG","location":"[get_call:158] fyersModel","message":{"Status Code":200,"API":"/history"},"timestamp":"2026-04-17 19:54:18,834+0530","service":"FyersAPIRequest"}
{"level":"DEBUG","location":"[get_call:158] fyersModel","message":{"Status Code":200,"API":"/history"},"timestamp":"2026-04-17 19:54:19,347+0530","service":"FyersAPIRequest"}
{"level":"DEBUG","location":"[get_call:158] fyersModel","message":{"Status Code":200,"API":"/history"},"timestamp":"2026-04-17 19:54:19,860+0530","service":"FyersAPIRequest"}
{"level":"DEBUG","location":"[get_call:158] fyersModel","message":{"Status Code":200,"API":"/history"},"timestamp":"2026-04-17 19:54:20,386+0530","service":"FyersAPIRequest"}
{"level":"DEBUG","location":"[get_call:158] fyersModel","message":{"Status Code":200,"API":"/history"},"timestamp":"2026-04-17 19:54:20,888+0530","service":"FyersAPIRequest"}
{"level":"DEBUG","location":"[get_call:158] fyersModel","message":{"Status Code":200,"API":"/history"},"timestamp":"2026-04-17 19:54:21,386+0530","service":"FyersAPIRequest"}
{"level":"DEBUG","location":"[get_call:158] fyersModel","message":{"Status Code":200,"API":"/history"},"timestamp":"2026-04-17 19:54:21,917+0530","service":"FyersAPIRequest"}
{"level":"DEBUG","location":"[get_call:158] fyersModel","message":{"Status Code":200,"API":"/history"},"timestamp":"2026-04-17 19:54:22,420+0530","service":"FyersAPIRequest"}
{"level":"DEBUG","location":"[get_call:158] fyersModel","message":{"Status Code":200,"API":"/history"},"timestamp":"2026-04-17 19:54:22,902+0530","service":"FyersAPIRequest"}
{"level":"DEBUG","location":"[get_call:158] fyersModel","message":{"Status Code":200,"API":"/history"},"timestamp":"2026-04-17 19:54:23,398+0530","service":"FyersAPIRequest"}
{"level":"DEBUG","location":"[get_call:158] fyersModel","message":{"Status Code":200,"API":"/history"},"timestamp":"2026-04-17 19:54:23,894+0530","service":"FyersAPIRequest"}
{"level":"DEBUG","location":"[get_call:158] fyersModel","message":{"Status Code":200,"API":"/history"},"timestamp":"2026-04-17 19:54:24,387+0530","service":"FyersAPIRequest"}
{"level":"DEBUG","location":"[get_call:158] fyersModel","message":{"Status Code":200,"API":"/history"},"timestamp":"2026-04-17 19:54:24,890+0530","service":"FyersAPIRequest"}
{"level":"DEBUG","location":"[get_call:158] fyersModel","message":{"Status Code":200,"API":"/history"},"timestamp":"2026-04-17 19:54:25,673+0530","service":"FyersAPIRequest"}
{"level":"DEBUG","location":"[get_call:158] fyersModel","message":{"Status Code":200,"API":"/history"},"timestamp":"2026-04-17 19:54:26,209+0530","service":"FyersAPIRequest"}
{"level":"DEBUG","location":"[get_call:158] fyersModel","message":{"Status Code":200,"API":"/history"},"timestamp":"2026-04-17 19:54:26,727+0530","service":"FyersAPIRequest"}
{"level":"DEBUG","location":"[get_call:158] fyersModel","message":{"Status Code":200,"API":"/history"},"timestamp":"2026-04-17 19:54:27,229+0530","service":"FyersAPIRequest"}
{"level":"DEBUG","location":"[get_call:158] fyersModel","message":{"Status Code":200,"API":"/history"},"timestamp":"2026-04-17 19:54:27,757+0530","service":"FyersAPIRequest"}
{"level":"DEBUG","location":"[get_call:158] fyersModel","message":{"Status Code":200,"API":"/history"},"timestamp":"2026-04-17 19:54:28,287+0530","service":"FyersAPIRequest"}
{"level":"DEBUG","location":"[get_call:158] fyersModel","message":{"Status Code":200,"API":"/history"},"timestamp":"2026-04-17 19:54:28,817+0530","service":"FyersAPIRequest"}
{"level":"DEBUG","location":"[get_call:158] fyersModel","message":{"Status Code":200,"API":"/history"},"timestamp":"2026-04-17 19:54:29,338+0530","service":"FyersAPIRequest"}
{"level":"DEBUG","location":"[get_call:158] fyersModel","message":{"Status Code":200,"API":"/history"},"timestamp":"2026-04-17 19:54:29,864+0530","service":"FyersAPIRequest"}
{"level":"DEBUG","location":"[get_call:158] fyersModel","message":{"Status Code":200,"API":"/history"},"timestamp":"2026-04-17 19:54:30,356+0530","service":"FyersAPIRequest"}
{"level":"DEBUG","location":"[get_call:158] fyersModel","message":{"Status Code":200,"API":"/history"},"timestamp":"2026-04-17 19:54:30,887+0530","service":"FyersAPIRequest"}
{"level":"DEBUG","location":"[get_call:158] fyersModel","message":{"Status Code":200,"API":"/history"},"timestamp":"2026-04-17 19:54:31,390+0530","service":"FyersAPIRequest"}
{"level":"DEBUG","location":"[get_call:158] fyersModel","message":{"Status Code":200,"API":"/history"},"timestamp":"2026-04-17 19:54:31,888+0530","service":"FyersAPIRequest"}
{"level":"DEBUG","location":"[get_call:158] fyersModel","message":{"Status Code":200,"API":"/history"},"timestamp":"2026-04-17 19:54:32,417+0530","service":"FyersAPIRequest"}
{"level":"DEBUG","location":"[get_call:158] fyersModel","message":{"Status Code":200,"API":"/history"},"timestamp":"2026-04-17 19:54:32,916+0530","service":"FyersAPIRequest"}
{"level":"DEBUG","location":"[get_call:158] fyersModel","message":{"Status Code":200,"API":"/history"},"timestamp":"2026-04-17 19:54:33,425+0530","service":"FyersAPIRequest"}
{"level":"DEBUG","location":"[get_call:158] fyersModel","message":{"Status Code":200,"API":"/history"},"timestamp":"2026-04-17 19:54:33,945+0530","service":"FyersAPIRequest"}
{"level":"DEBUG","location":"[get_call:158] fyersModel","message":{"Status Code":200,"API":"/history"},"timestamp":"2026-04-17 19:54:34,462+0530","service":"FyersAPIRequest"}
{"level":"DEBUG","location":"[get_call:158] fyersModel","message":{"Status Code":200,"API":"/history"},"timestamp":"2026-04-17 19:54:34,976+0530","service":"FyersAPIRequest"}
{"level":"DEBUG","location":"[get_call:158] fyersModel","message":{"Status Code":200,"API":"/history"},"timestamp":"2026-04-17 19:54:35,496+0530","service":"FyersAPIRequest"}
{"level":"DEBUG","location":"[get_call:158] fyersModel","message":{"Status Code":200,"API":"/history"},"timestamp":"2026-04-17 19:54:36,023+0530","service":"FyersAPIRequest"}
{"level":"DEBUG","location":"[get_call:158] fyersModel","message":{"Status Code":200,"API":"/history"},"timestamp":"2026-04-17 19:54:36,618+0530","service":"FyersAPIRequest"}
{"level":"DEBUG","location":"[get_call:158] fyersModel","message":{"Status Code":200,"API":"/history"},"timestamp":"2026-04-17 19:54:37,107+0530","service":"FyersAPIRequest"}
{"level":"DEBUG","location":"[get_call:158] fyersModel","message":{"Status Code":200,"API":"/history"},"timestamp":"2026-04-17 19:54:37,611+0530","service":"FyersAPIRequest"}
{"level":"DEBUG","location":"[get_call:158] fyersModel","message":{"Status Code":200,"API":"/history"},"timestamp":"2026-04-17 19:54:38,122+0530","service":"FyersAPIRequest"}
{"level":"DEBUG","location":"[get_call:158] fyersModel","message":{"Status Code":200,"API":"/history"},"timestamp":"2026-04-17 19:54:38,610+0530","service":"FyersAPIRequest"}
{"level":"DEBUG","location":"[get_call:158] fyersModel","message":{"Status Code":200,"API":"/quotes"},"timestamp":"2026-04-17 19:54:39,108+0530","service":"FyersAPIRequest"}
{"level":"DEBUG","location":"[get_call:158] fyersModel","message":{"Status Code":200,"API":"/quotes"},"timestamp":"2026-04-17 19:54:39,544+0530","service":"FyersAPIRequest"}
{"level":"DEBUG","location":"[get_call:158] fyersModel","message":{"Status Code":200,"API":"/history"},"timestamp":"2026-04-17 19:54:40,008+0530","service":"FyersAPIRequest"}
{"level":"DEBUG","location":"[get_call:158] fyersModel","message":{"Status Code":200,"API":"/options-chain-v3"},"timestamp":"2026-04-17 19:54:40,222+0530","service":"FyersAPIRequest"}
{"level":"DEBUG","location":"[get_call:158] fyersModel","message":{"Status Code":200,"API":"/options-chain-v3"},"timestamp":"2026-04-17 19:54:40,866+0530","service":"FyersAPIRequest"}
{"level":"DEBUG","location":"[get_call:158] fyersModel","message":{"Status Code":200,"API":"/options-chain-v3"},"timestamp":"2026-04-17 19:54:41,471+0530","service":"FyersAPIRequest"}
{"level":"DEBUG","location":"[get_call:158] fyersModel","message":{"Status Code":200,"API":"/options-chain-v3"},"timestamp":"2026-04-17 19:54:42,069+0530","service":"FyersAPIRequest"}
{"level":"DEBUG","location":"[get_call:158] fyersModel","message":{"Status Code":200,"API":"/options-chain-v3"},"timestamp":"2026-04-17 19:54:42,689+0530","service":"FyersAPIRequest"}
{"level":"DEBUG","location":"[get_call:158] fyersModel","message":{"Status Code":200,"API":"/quotes"},"timestamp":"2026-04-17 19:54:43,259+0530","service":"FyersAPIRequest"}
{"level":"DEBUG","location":"[get_call:158] fyersModel","message":{"Status Code":200,"API":"/quotes"},"timestamp":"2026-04-17 19:54:43,855+0530","service":"FyersAPIRequest"}
{"level":"DEBUG","location":"[get_call:158] fyersModel","message":{"Status Code":200,"API":"/quotes"},"timestamp":"2026-04-17 19:54:50,342+0530","service":"FyersAPIRequest"}
{"level":"DEBUG","location":"[get_call:158] fyersModel","message":{"Status Code":200,"API":"/positions"},"timestamp":"2026-04-17 20:27:41,921+0530","service":"FyersAPIRequest"}
{"level":"DEBUG","location":"[get_call:158] fyersModel","message":{"Status Code":200,"API":"/history"},"timestamp":"2026-04-17 20:27:42,033+0530","service":"FyersAPIRequest"}
{"level":"DEBUG","location":"[get_call:158] fyersModel","message":{"Status Code":200,"API":"/history"},"timestamp":"2026-04-17 20:27:42,561+0530","service":"FyersAPIRequest"}
{"level":"DEBUG","location":"[get_call:158] fyersModel","message":{"Status Code":200,"API":"/history"},"timestamp":"2026-04-17 20:27:43,074+0530","service":"FyersAPIRequest"}
{"level":"DEBUG","location":"[get_call:158] fyersModel","message":{"Status Code":200,"API":"/history"},"timestamp":"2026-04-17 20:27:43,587+0530","service":"FyersAPIRequest"}
{"level":"DEBUG","location":"[get_call:158] fyersModel","message":{"Status Code":200,"API":"/history"},"timestamp":"2026-04-17 20:27:44,148+0530","service":"FyersAPIRequest"}
{"level":"DEBUG","location":"[get_call:158] fyersModel","message":{"Status Code":200,"API":"/history"},"timestamp":"2026-04-17 20:27:44,682+0530","service":"FyersAPIRequest"}
{"level":"DEBUG","location":"[get_call:158] fyersModel","message":{"Status Code":200,"API":"/history"},"timestamp":"2026-04-17 20:27:45,196+0530","service":"FyersAPIRequest"}
{"level":"DEBUG","location":"[get_call:158] fyersModel","message":{"Status Code":200,"API":"/history"},"timestamp":"2026-04-17 20:27:45,719+0530","service":"FyersAPIRequest"}
{"level":"DEBUG","location":"[get_call:158] fyersModel","message":{"Status Code":200,"API":"/history"},"timestamp":"2026-04-17 20:27:46,223+0530","service":"FyersAPIRequest"}
{"level":"DEBUG","location":"[get_call:158] fyersModel","message":{"Status Code":200,"API":"/history"},"timestamp":"2026-04-17 20:27:46,734+0530","service":"FyersAPIRequest"}
{"level":"DEBUG","location":"[get_call:158] fyersModel","message":{"Status Code":200,"API":"/history"},"timestamp":"2026-04-17 20:27:47,236+0530","service":"FyersAPIRequest"}
{"level":"DEBUG","location":"[get_call:158] fyersModel","message":{"Status Code":200,"API":"/history"},"timestamp":"2026-04-17 20:27:47,742+0530","service":"FyersAPIRequest"}
{"level":"DEBUG","location":"[get_call:158] fyersModel","message":{"Status Code":200,"API":"/history"},"timestamp":"2026-04-17 20:27:48,260+0530","service":"FyersAPIRequest"}
{"level":"DEBUG","location":"[get_call:158] fyersModel","message":{"Status Code":200,"API":"/history"},"timestamp":"2026-04-17 20:27:48,766+0530","service":"FyersAPIRequest"}
{"level":"DEBUG","location":"[get_call:158] fyersModel","message":{"Status Code":200,"API":"/history"},"timestamp":"2026-04-17 20:27:49,274+0530","service":"FyersAPIRequest"}
{"level":"DEBUG","location":"[get_call:158] fyersModel","message":{"Status Code":200,"API":"/history"},"timestamp":"2026-04-17 20:27:49,772+0530","service":"FyersAPIRequest"}
{"level":"DEBUG","location":"[get_call:158] fyersModel","message":{"Status Code":200,"API":"/history"},"timestamp":"2026-04-17 20:27:50,283+0530","service":"FyersAPIRequest"}
{"level":"DEBUG","location":"[get_call:158] fyersModel","message":{"Status Code":200,"API":"/history"},"timestamp":"2026-04-17 20:27:50,795+0530","service":"FyersAPIRequest"}
{"level":"DEBUG","location":"[get_call:158] fyersModel","message":{"Status Code":200,"API":"/history"},"timestamp":"2026-04-17 20:27:51,300+0530","service":"FyersAPIRequest"}
{"level":"DEBUG","location":"[get_call:158] fyersModel","message":{"Status Code":200,"API":"/history"},"timestamp":"2026-04-17 20:27:51,811+0530","service":"FyersAPIRequest"}
{"level":"DEBUG","location":"[get_call:158] fyersModel","message":{"Status Code":200,"API":"/history"},"timestamp":"2026-04-17 20:27:52,317+0530","service":"FyersAPIRequest"}
{"level":"DEBUG","location":"[get_call:158] fyersModel","message":{"Status Code":200,"API":"/history"},"timestamp":"2026-04-17 20:27:52,856+0530","service":"FyersAPIRequest"}
{"level":"DEBUG","location":"[get_call:158] fyersModel","message":{"Status Code":200,"API":"/history"},"timestamp":"2026-04-17 20:27:53,361+0530","service":"FyersAPIRequest"}
{"level":"DEBUG","location":"[get_call:158] fyersModel","message":{"Status Code":200,"API":"/history"},"timestamp":"2026-04-17 20:27:53,874+0530","service":"FyersAPIRequest"}
{"level":"DEBUG","location":"[get_call:158] fyersModel","message":{"Status Code":200,"API":"/history"},"timestamp":"2026-04-17 20:27:54,393+0530","service":"FyersAPIRequest"}
{"level":"DEBUG","location":"[get_call:158] fyersModel","message":{"Status Code":200,"API":"/history"},"timestamp":"2026-04-17 20:27:54,881+0530","service":"FyersAPIRequest"}
{"level":"DEBUG","location":"[get_call:158] fyersModel","message":{"Status Code":200,"API":"/history"},"timestamp":"2026-04-17 20:27:55,396+0530","service":"FyersAPIRequest"}
{"level":"DEBUG","location":"[get_call:158] fyersModel","message":{"Status Code":200,"API":"/history"},"timestamp":"2026-04-17 20:27:55,896+0530","service":"FyersAPIRequest"}
{"level":"DEBUG","location":"[get_call:158] fyersModel","message":{"Status Code":200,"API":"/history"},"timestamp":"2026-04-17 20:27:56,412+0530","service":"FyersAPIRequest"}
{"level":"DEBUG","location":"[get_call:158] fyersModel","message":{"Status Code":200,"API":"/history"},"timestamp":"2026-04-17 20:27:56,930+0530","service":"FyersAPIRequest"}
{"level":"DEBUG","location":"[get_call:158] fyersModel","message":{"Status Code":200,"API":"/history"},"timestamp":"2026-04-17 20:27:57,443+0530","service":"FyersAPIRequest"}
{"level":"DEBUG","location":"[get_call:158] fyersModel","message":{"Status Code":200,"API":"/history"},"timestamp":"2026-04-17 20:27:57,957+0530","service":"FyersAPIRequest"}
{"level":"DEBUG","location":"[get_call:158] fyersModel","message":{"Status Code":200,"API":"/history"},"timestamp":"2026-04-17 20:27:58,474+0530","service":"FyersAPIRequest"}
{"level":"DEBUG","location":"[get_call:158] fyersModel","message":{"Status Code":200,"API":"/history"},"timestamp":"2026-04-17 20:27:58,997+0530","service":"FyersAPIRequest"}
{"level":"DEBUG","location":"[get_call:158] fyersModel","message":{"Status Code":200,"API":"/history"},"timestamp":"2026-04-17 20:27:59,509+0530","service":"FyersAPIRequest"}
{"level":"DEBUG","location":"[get_call:158] fyersModel","message":{"Status Code":200,"API":"/history"},"timestamp":"2026-04-17 20:28:00,016+0530","service":"FyersAPIRequest"}
{"level":"DEBUG","location":"[get_call:158] fyersModel","message":{"Status Code":200,"API":"/history"},"timestamp":"2026-04-17 20:28:00,530+0530","service":"FyersAPIRequest"}
{"level":"DEBUG","location":"[get_call:158] fyersModel","message":{"Status Code":200,"API":"/history"},"timestamp":"2026-04-17 20:28:01,060+0530","service":"FyersAPIRequest"}
{"level":"DEBUG","location":"[get_call:158] fyersModel","message":{"Status Code":200,"API":"/history"},"timestamp":"2026-04-17 20:28:01,582+0530","service":"FyersAPIRequest"}
{"level":"DEBUG","location":"[get_call:158] fyersModel","message":{"Status Code":200,"API":"/history"},"timestamp":"2026-04-17 20:28:02,083+0530","service":"FyersAPIRequest"}
{"level":"DEBUG","location":"[get_call:158] fyersModel","message":{"Status Code":200,"API":"/history"},"timestamp":"2026-04-17 20:28:02,614+0530","service":"FyersAPIRequest"}
{"level":"DEBUG","location":"[get_call:158] fyersModel","message":{"Status Code":200,"API":"/history"},"timestamp":"2026-04-17 20:28:03,132+0530","service":"FyersAPIRequest"}
{"level":"DEBUG","location":"[get_call:158] fyersModel","message":{"Status Code":200,"API":"/history"},"timestamp":"2026-04-17 20:28:03,633+0530","service":"FyersAPIRequest"}
{"level":"DEBUG","location":"[get_call:158] fyersModel","message":{"Status Code":200,"API":"/history"},"timestamp":"2026-04-17 20:28:04,149+0530","service":"FyersAPIRequest"}
{"level":"DEBUG","location":"[get_call:158] fyersModel","message":{"Status Code":200,"API":"/history"},"timestamp":"2026-04-17 20:28:04,647+0530","service":"FyersAPIRequest"}
{"level":"DEBUG","location":"[get_call:158] fyersModel","message":{"Status Code":200,"API":"/history"},"timestamp":"2026-04-17 20:28:05,178+0530","service":"FyersAPIRequest"}
{"level":"DEBUG","location":"[get_call:158] fyersModel","message":{"Status Code":200,"API":"/history"},"timestamp":"2026-04-17 20:28:05,698+0530","service":"FyersAPIRequest"}
{"level":"DEBUG","location":"[get_call:158] fyersModel","message":{"Status Code":200,"API":"/history"},"timestamp":"2026-04-17 20:28:06,217+0530","service":"FyersAPIRequest"}
{"level":"DEBUG","location":"[get_call:158] fyersModel","message":{"Status Code":200,"API":"/history"},"timestamp":"2026-04-17 20:28:06,717+0530","service":"FyersAPIRequest"}
{"level":"DEBUG","location":"[get_call:158] fyersModel","message":{"Status Code":200,"API":"/history"},"timestamp":"2026-04-17 20:28:07,229+0530","service":"FyersAPIRequest"}
{"level":"DEBUG","location":"[get_call:158] fyersModel","message":{"Status Code":200,"API":"/history"},"timestamp":"2026-04-17 20:28:07,755+0530","service":"FyersAPIRequest"}
{"level":"DEBUG","location":"[get_call:158] fyersModel","message":{"Status Code":200,"API":"/quotes"},"timestamp":"2026-04-17 20:28:08,265+0530","service":"FyersAPIRequest"}
{"level":"DEBUG","location":"[get_call:158] fyersModel","message":{"Status Code":200,"API":"/quotes"},"timestamp":"2026-04-17 20:28:08,669+0530","service":"FyersAPIRequest"}
{"level":"DEBUG","location":"[get_call:158] fyersModel","message":{"Status Code":200,"API":"/history"},"timestamp":"2026-04-17 20:28:09,089+0530","service":"FyersAPIRequest"}
{"level":"DEBUG","location":"[get_call:158] fyersModel","message":{"Status Code":200,"API":"/options-chain-v3"},"timestamp":"2026-04-17 20:28:09,234+0530","service":"FyersAPIRequest"}
{"level":"DEBUG","location":"[get_call:158] fyersModel","message":{"Status Code":200,"API":"/options-chain-v3"},"timestamp":"2026-04-17 20:28:09,846+0530","service":"FyersAPIRequest"}
{"level":"DEBUG","location":"[get_call:158] fyersModel","message":{"Status Code":200,"API":"/options-chain-v3"},"timestamp":"2026-04-17 20:28:10,475+0530","service":"FyersAPIRequest"}
{"level":"DEBUG","location":"[get_call:158] fyersModel","message":{"Status Code":200,"API":"/options-chain-v3"},"timestamp":"2026-04-17 20:28:11,070+0530","service":"FyersAPIRequest"}
{"level":"DEBUG","location":"[get_call:158] fyersModel","message":{"Status Code":200,"API":"/options-chain-v3"},"timestamp":"2026-04-17 20:28:11,696+0530","service":"FyersAPIRequest"}
{"level":"DEBUG","location":"[get_call:158] fyersModel","message":{"Status Code":200,"API":"/quotes"},"timestamp":"2026-04-17 20:28:12,315+0530","service":"FyersAPIRequest"}
{"level":"DEBUG","location":"[get_call:158] fyersModel","message":{"Status Code":200,"API":"/quotes"},"timestamp":"2026-04-17 20:28:13,446+0530","service":"FyersAPIRequest"}
{"level":"DEBUG","location":"[get_call:158] fyersModel","message":{"Status Code":200,"API":"/quotes"},"timestamp":"2026-04-17 20:28:17,341+0530","service":"FyersAPIRequest"}
