[2026-04-17 12:54:25] INFO    rox.reasoning.regime_accuracy  RegimeAccuracyTracker initialized: data\regime_accuracy.jsonl
[2026-04-17 12:54:25] INFO    rox.data.trade_outcome         TradeOutcomeLogger initialized: data\trade_outcomes.jsonl
[2026-04-17 12:54:25] INFO    rox.engine                     v6.0 CLOSED-LOOP modules ACTIVE: RuleRegimeClassifier, RegimeArbiter, RegimeTransitionDetector, RegimeAccuracyTracker, AdaptiveCalibrator, ShortExecutor, DirectionalRouter, CircuitBreakerV2, TradeOutcomeLogger
[2026-04-17 12:54:25] INFO    rox.engine                     ======================================================================
[2026-04-17 12:54:25] INFO    rox.engine                     CYCLE START — ROX Engine v6.0 Analysis Cycle #1
[2026-04-17 12:54:25] INFO    rox.engine                     ======================================================================
[2026-04-17 12:54:25] INFO    rox.engine                     CYCLE SKIPPED: LUNCH_HOUR_LOW_LIQUIDITY
[2026-04-17 13:01:31] INFO    rox.reasoning.regime_accuracy  RegimeAccuracyTracker initialized: data\regime_accuracy.jsonl
[2026-04-17 13:01:31] INFO    rox.data.trade_outcome         TradeOutcomeLogger initialized: data\trade_outcomes.jsonl
[2026-04-17 13:01:31] INFO    rox.engine                     v6.0 CLOSED-LOOP modules ACTIVE: RuleRegimeClassifier, RegimeArbiter, RegimeTransitionDetector, RegimeAccuracyTracker, AdaptiveCalibrator, ShortExecutor, DirectionalRouter, CircuitBreakerV2, TradeOutcomeLogger
[2026-04-17 13:01:31] INFO    rox.engine                     ======================================================================
[2026-04-17 13:01:31] INFO    rox.engine                     CYCLE START — ROX Engine v6.0 Analysis Cycle #1
[2026-04-17 13:01:31] INFO    rox.engine                     ======================================================================
[2026-04-17 13:01:31] INFO    rox.engine                     CYCLE SKIPPED: LUNCH_HOUR_LOW_LIQUIDITY
[2026-04-17 13:01:41] INFO    rox.reasoning.regime_accuracy  RegimeAccuracyTracker initialized: data\regime_accuracy.jsonl
[2026-04-17 13:01:41] INFO    rox.data.trade_outcome         TradeOutcomeLogger initialized: data\trade_outcomes.jsonl
[2026-04-17 13:01:41] INFO    rox.engine                     v6.0 CLOSED-LOOP modules ACTIVE: RuleRegimeClassifier, RegimeArbiter, RegimeTransitionDetector, RegimeAccuracyTracker, AdaptiveCalibrator, ShortExecutor, DirectionalRouter, CircuitBreakerV2, TradeOutcomeLogger
[2026-04-17 13:01:41] INFO    rox.engine                     ======================================================================
[2026-04-17 13:01:41] INFO    rox.engine                     CYCLE START — ROX Engine v6.0 Analysis Cycle #1
[2026-04-17 13:01:41] INFO    rox.engine                     ======================================================================
[2026-04-17 13:01:41] INFO    rox.engine                     CYCLE SKIPPED: LUNCH_HOUR_LOW_LIQUIDITY
[2026-04-17 13:06:06] INFO    rox.reasoning.regime_accuracy  RegimeAccuracyTracker initialized: data\regime_accuracy.jsonl
[2026-04-17 13:06:06] INFO    rox.data.trade_outcome         TradeOutcomeLogger initialized: data\trade_outcomes.jsonl
[2026-04-17 13:06:06] INFO    rox.engine                     v6.0 CLOSED-LOOP modules ACTIVE: RuleRegimeClassifier, RegimeArbiter, RegimeTransitionDetector, RegimeAccuracyTracker, AdaptiveCalibrator, ShortExecutor, DirectionalRouter, CircuitBreakerV2, TradeOutcomeLogger
[2026-04-17 13:06:06] INFO    rox.engine                     ======================================================================
[2026-04-17 13:06:06] INFO    rox.engine                     CYCLE START — ROX Engine v6.0 Analysis Cycle #1
[2026-04-17 13:06:06] INFO    rox.engine                     ======================================================================
[2026-04-17 13:06:06] INFO    rox.engine                     CYCLE SKIPPED: LUNCH_HOUR_LOW_LIQUIDITY
